Copyright 1986-2017 Xilinx, Inc. All Rights Reserved.
-----------------------------------------------------------------------------------------------------------------------------------------------------------------------------------------------
| Tool Version : Vivado v.2017.4 (win64) Build 2086221 Fri Dec 15 20:55:39 MST 2017
| Date         : Thu Oct 11 17:50:45 2018
| Host         : DESKTOP-KLFS1F0 running 64-bit major release  (build 9200)
| Command      : report_methodology -file mipsfpga_nexys4_ddr_methodology_drc_routed.rpt -pb mipsfpga_nexys4_ddr_methodology_drc_routed.pb -rpx mipsfpga_nexys4_ddr_methodology_drc_routed.rpx
| Design       : mipsfpga_nexys4_ddr
| Device       : xc7a100tcsg324-1
| Speed File   : -1
| Design State : Routed
-----------------------------------------------------------------------------------------------------------------------------------------------------------------------------------------------

Report Methodology

Table of Contents
-----------------
1. REPORT SUMMARY
2. REPORT DETAILS

1. REPORT SUMMARY
-----------------
            Netlist: netlist
          Floorplan: design_1
      Design limits: <entire design considered>
             Max violations: <unlimited>
             Violations found: 174
+-----------+----------+------------------------------------------------+------------+
| Rule      | Severity | Description                                    | Violations |
+-----------+----------+------------------------------------------------+------------+
| TIMING-6  | Warning  | No common primary clock between related clocks | 2          |
| TIMING-17 | Warning  | Non-clocked sequential cell                    | 167        |
| TIMING-18 | Warning  | Missing input or output delay                  | 5          |
+-----------+----------+------------------------------------------------+------------+

2. REPORT DETAILS
-----------------
TIMING-6#1 Warning
No common primary clock between related clocks  
The clocks clk_out1_clk_wiz_0 and clk_out1_clk_wiz_0_1 are related (timed together) but they have no common primary clock. The design could fail in hardware. To find a timing path between these clocks, run the following command: report_timing -from [get_clocks clk_out1_clk_wiz_0] -to [get_clocks clk_out1_clk_wiz_0_1]
Related violations: <none>

TIMING-6#2 Warning
No common primary clock between related clocks  
The clocks clk_out1_clk_wiz_0_1 and clk_out1_clk_wiz_0 are related (timed together) but they have no common primary clock. The design could fail in hardware. To find a timing path between these clocks, run the following command: report_timing -from [get_clocks clk_out1_clk_wiz_0_1] -to [get_clocks clk_out1_clk_wiz_0]
Related violations: <none>

TIMING-17#1 Warning
Non-clocked sequential cell  
The clock pin mipsfpga_sys/top/cpu/core/ejt/ejt_tap/ejt_tck/_EJ_TDO/q_reg[0]/C is not reached by a timing clock
Related violations: <none>

TIMING-17#2 Warning
Non-clocked sequential cell  
The clock pin mipsfpga_sys/top/cpu/core/ejt/ejt_tap/ejt_tck/_brkst/q_reg[0]/C is not reached by a timing clock
Related violations: <none>

TIMING-17#3 Warning
Non-clocked sequential cell  
The clock pin mipsfpga_sys/top/cpu/core/ejt/ejt_tap/ejt_tck/_bypass_reg/q_reg[0]/C is not reached by a timing clock
Related violations: <none>

TIMING-17#4 Warning
Non-clocked sequential cell  
The clock pin mipsfpga_sys/top/cpu/core/ejt/ejt_tap/ejt_tck/_doze/q_reg[0]/C is not reached by a timing clock
Related violations: <none>

TIMING-17#5 Warning
Non-clocked sequential cell  
The clock pin mipsfpga_sys/top/cpu/core/ejt/ejt_tap/ejt_tck/_ejtagboot/q_reg[0]/C is not reached by a timing clock
Related violations: <none>

TIMING-17#6 Warning
Non-clocked sequential cell  
The clock pin mipsfpga_sys/top/cpu/core/ejt/ejt_tap/ejt_tck/_ejtagbrk_pre/q_reg[0]/C is not reached by a timing clock
Related violations: <none>

TIMING-17#7 Warning
Non-clocked sequential cell  
The clock pin mipsfpga_sys/top/cpu/core/ejt/ejt_tap/ejt_tck/_ejtagbrk_read/q_reg[0]/C is not reached by a timing clock
Related violations: <none>

TIMING-17#8 Warning
Non-clocked sequential cell  
The clock pin mipsfpga_sys/top/cpu/core/ejt/ejt_tap/ejt_tck/_fastdata_reg/q_reg[0]/C is not reached by a timing clock
Related violations: <none>

TIMING-17#9 Warning
Non-clocked sequential cell  
The clock pin mipsfpga_sys/top/cpu/core/ejt/ejt_tap/ejt_tck/_halt/q_reg[0]/C is not reached by a timing clock
Related violations: <none>

TIMING-17#10 Warning
Non-clocked sequential cell  
The clock pin mipsfpga_sys/top/cpu/core/ejt/ejt_tap/ejt_tck/_inst_reg0_0_0_/q_reg[0]/C is not reached by a timing clock
Related violations: <none>

TIMING-17#11 Warning
Non-clocked sequential cell  
The clock pin mipsfpga_sys/top/cpu/core/ejt/ejt_tap/ejt_tck/_inst_reg41_4_1_/q_reg[0]/C is not reached by a timing clock
Related violations: <none>

TIMING-17#12 Warning
Non-clocked sequential cell  
The clock pin mipsfpga_sys/top/cpu/core/ejt/ejt_tap/ejt_tck/_inst_reg41_4_1_/q_reg[1]/C is not reached by a timing clock
Related violations: <none>

TIMING-17#13 Warning
Non-clocked sequential cell  
The clock pin mipsfpga_sys/top/cpu/core/ejt/ejt_tap/ejt_tck/_inst_reg41_4_1_/q_reg[2]/C is not reached by a timing clock
Related violations: <none>

TIMING-17#14 Warning
Non-clocked sequential cell  
The clock pin mipsfpga_sys/top/cpu/core/ejt/ejt_tap/ejt_tck/_inst_reg41_4_1_/q_reg[3]/C is not reached by a timing clock
Related violations: <none>

TIMING-17#15 Warning
Non-clocked sequential cell  
The clock pin mipsfpga_sys/top/cpu/core/ejt/ejt_tap/ejt_tck/_pa_addr_reg_31_0_/cregister/cregister/q_reg[0]/C is not reached by a timing clock
Related violations: <none>

TIMING-17#16 Warning
Non-clocked sequential cell  
The clock pin mipsfpga_sys/top/cpu/core/ejt/ejt_tap/ejt_tck/_pa_addr_reg_31_0_/cregister/cregister/q_reg[10]/C is not reached by a timing clock
Related violations: <none>

TIMING-17#17 Warning
Non-clocked sequential cell  
The clock pin mipsfpga_sys/top/cpu/core/ejt/ejt_tap/ejt_tck/_pa_addr_reg_31_0_/cregister/cregister/q_reg[11]/C is not reached by a timing clock
Related violations: <none>

TIMING-17#18 Warning
Non-clocked sequential cell  
The clock pin mipsfpga_sys/top/cpu/core/ejt/ejt_tap/ejt_tck/_pa_addr_reg_31_0_/cregister/cregister/q_reg[12]/C is not reached by a timing clock
Related violations: <none>

TIMING-17#19 Warning
Non-clocked sequential cell  
The clock pin mipsfpga_sys/top/cpu/core/ejt/ejt_tap/ejt_tck/_pa_addr_reg_31_0_/cregister/cregister/q_reg[13]/C is not reached by a timing clock
Related violations: <none>

TIMING-17#20 Warning
Non-clocked sequential cell  
The clock pin mipsfpga_sys/top/cpu/core/ejt/ejt_tap/ejt_tck/_pa_addr_reg_31_0_/cregister/cregister/q_reg[14]/C is not reached by a timing clock
Related violations: <none>

TIMING-17#21 Warning
Non-clocked sequential cell  
The clock pin mipsfpga_sys/top/cpu/core/ejt/ejt_tap/ejt_tck/_pa_addr_reg_31_0_/cregister/cregister/q_reg[15]/C is not reached by a timing clock
Related violations: <none>

TIMING-17#22 Warning
Non-clocked sequential cell  
The clock pin mipsfpga_sys/top/cpu/core/ejt/ejt_tap/ejt_tck/_pa_addr_reg_31_0_/cregister/cregister/q_reg[16]/C is not reached by a timing clock
Related violations: <none>

TIMING-17#23 Warning
Non-clocked sequential cell  
The clock pin mipsfpga_sys/top/cpu/core/ejt/ejt_tap/ejt_tck/_pa_addr_reg_31_0_/cregister/cregister/q_reg[17]/C is not reached by a timing clock
Related violations: <none>

TIMING-17#24 Warning
Non-clocked sequential cell  
The clock pin mipsfpga_sys/top/cpu/core/ejt/ejt_tap/ejt_tck/_pa_addr_reg_31_0_/cregister/cregister/q_reg[18]/C is not reached by a timing clock
Related violations: <none>

TIMING-17#25 Warning
Non-clocked sequential cell  
The clock pin mipsfpga_sys/top/cpu/core/ejt/ejt_tap/ejt_tck/_pa_addr_reg_31_0_/cregister/cregister/q_reg[19]/C is not reached by a timing clock
Related violations: <none>

TIMING-17#26 Warning
Non-clocked sequential cell  
The clock pin mipsfpga_sys/top/cpu/core/ejt/ejt_tap/ejt_tck/_pa_addr_reg_31_0_/cregister/cregister/q_reg[1]/C is not reached by a timing clock
Related violations: <none>

TIMING-17#27 Warning
Non-clocked sequential cell  
The clock pin mipsfpga_sys/top/cpu/core/ejt/ejt_tap/ejt_tck/_pa_addr_reg_31_0_/cregister/cregister/q_reg[20]/C is not reached by a timing clock
Related violations: <none>

TIMING-17#28 Warning
Non-clocked sequential cell  
The clock pin mipsfpga_sys/top/cpu/core/ejt/ejt_tap/ejt_tck/_pa_addr_reg_31_0_/cregister/cregister/q_reg[21]/C is not reached by a timing clock
Related violations: <none>

TIMING-17#29 Warning
Non-clocked sequential cell  
The clock pin mipsfpga_sys/top/cpu/core/ejt/ejt_tap/ejt_tck/_pa_addr_reg_31_0_/cregister/cregister/q_reg[22]/C is not reached by a timing clock
Related violations: <none>

TIMING-17#30 Warning
Non-clocked sequential cell  
The clock pin mipsfpga_sys/top/cpu/core/ejt/ejt_tap/ejt_tck/_pa_addr_reg_31_0_/cregister/cregister/q_reg[23]/C is not reached by a timing clock
Related violations: <none>

TIMING-17#31 Warning
Non-clocked sequential cell  
The clock pin mipsfpga_sys/top/cpu/core/ejt/ejt_tap/ejt_tck/_pa_addr_reg_31_0_/cregister/cregister/q_reg[24]/C is not reached by a timing clock
Related violations: <none>

TIMING-17#32 Warning
Non-clocked sequential cell  
The clock pin mipsfpga_sys/top/cpu/core/ejt/ejt_tap/ejt_tck/_pa_addr_reg_31_0_/cregister/cregister/q_reg[25]_mipsfpga_sys_top_cpu_core_ejt_ejt_tap_ejt_tck__pa_addr_reg_31_0__cregister_cregister_q_reg_s_5/C is not reached by a timing clock
Related violations: <none>

TIMING-17#33 Warning
Non-clocked sequential cell  
The clock pin mipsfpga_sys/top/cpu/core/ejt/ejt_tap/ejt_tck/_pa_addr_reg_31_0_/cregister/cregister/q_reg[26]_srl6____mipsfpga_sys_top_cpu_core_ejt_ejt_tap_ejt_tck__pa_addr_reg_31_0__cregister_cregister_q_reg_s_4/CLK is not reached by a timing clock
Related violations: <none>

TIMING-17#34 Warning
Non-clocked sequential cell  
The clock pin mipsfpga_sys/top/cpu/core/ejt/ejt_tap/ejt_tck/_pa_addr_reg_31_0_/cregister/cregister/q_reg[2]/C is not reached by a timing clock
Related violations: <none>

TIMING-17#35 Warning
Non-clocked sequential cell  
The clock pin mipsfpga_sys/top/cpu/core/ejt/ejt_tap/ejt_tck/_pa_addr_reg_31_0_/cregister/cregister/q_reg[3]/C is not reached by a timing clock
Related violations: <none>

TIMING-17#36 Warning
Non-clocked sequential cell  
The clock pin mipsfpga_sys/top/cpu/core/ejt/ejt_tap/ejt_tck/_pa_addr_reg_31_0_/cregister/cregister/q_reg[4]/C is not reached by a timing clock
Related violations: <none>

TIMING-17#37 Warning
Non-clocked sequential cell  
The clock pin mipsfpga_sys/top/cpu/core/ejt/ejt_tap/ejt_tck/_pa_addr_reg_31_0_/cregister/cregister/q_reg[5]/C is not reached by a timing clock
Related violations: <none>

TIMING-17#38 Warning
Non-clocked sequential cell  
The clock pin mipsfpga_sys/top/cpu/core/ejt/ejt_tap/ejt_tck/_pa_addr_reg_31_0_/cregister/cregister/q_reg[6]/C is not reached by a timing clock
Related violations: <none>

TIMING-17#39 Warning
Non-clocked sequential cell  
The clock pin mipsfpga_sys/top/cpu/core/ejt/ejt_tap/ejt_tck/_pa_addr_reg_31_0_/cregister/cregister/q_reg[7]/C is not reached by a timing clock
Related violations: <none>

TIMING-17#40 Warning
Non-clocked sequential cell  
The clock pin mipsfpga_sys/top/cpu/core/ejt/ejt_tap/ejt_tck/_pa_addr_reg_31_0_/cregister/cregister/q_reg[8]/C is not reached by a timing clock
Related violations: <none>

TIMING-17#41 Warning
Non-clocked sequential cell  
The clock pin mipsfpga_sys/top/cpu/core/ejt/ejt_tap/ejt_tck/_pa_addr_reg_31_0_/cregister/cregister/q_reg[9]/C is not reached by a timing clock
Related violations: <none>

TIMING-17#42 Warning
Non-clocked sequential cell  
The clock pin mipsfpga_sys/top/cpu/core/ejt/ejt_tap/ejt_tck/_pa_addr_reg_31_0_/cregister/cregister/q_reg_s/C is not reached by a timing clock
Related violations: <none>

TIMING-17#43 Warning
Non-clocked sequential cell  
The clock pin mipsfpga_sys/top/cpu/core/ejt/ejt_tap/ejt_tck/_pa_addr_reg_31_0_/cregister/cregister/q_reg_s_0/C is not reached by a timing clock
Related violations: <none>

TIMING-17#44 Warning
Non-clocked sequential cell  
The clock pin mipsfpga_sys/top/cpu/core/ejt/ejt_tap/ejt_tck/_pa_addr_reg_31_0_/cregister/cregister/q_reg_s_1/C is not reached by a timing clock
Related violations: <none>

TIMING-17#45 Warning
Non-clocked sequential cell  
The clock pin mipsfpga_sys/top/cpu/core/ejt/ejt_tap/ejt_tck/_pa_addr_reg_31_0_/cregister/cregister/q_reg_s_2/C is not reached by a timing clock
Related violations: <none>

TIMING-17#46 Warning
Non-clocked sequential cell  
The clock pin mipsfpga_sys/top/cpu/core/ejt/ejt_tap/ejt_tck/_pa_addr_reg_31_0_/cregister/cregister/q_reg_s_3/C is not reached by a timing clock
Related violations: <none>

TIMING-17#47 Warning
Non-clocked sequential cell  
The clock pin mipsfpga_sys/top/cpu/core/ejt/ejt_tap/ejt_tck/_pa_addr_reg_31_0_/cregister/cregister/q_reg_s_4/C is not reached by a timing clock
Related violations: <none>

TIMING-17#48 Warning
Non-clocked sequential cell  
The clock pin mipsfpga_sys/top/cpu/core/ejt/ejt_tap/ejt_tck/_pa_addr_reg_31_0_/cregister/cregister/q_reg_s_5/C is not reached by a timing clock
Related violations: <none>

TIMING-17#49 Warning
Non-clocked sequential cell  
The clock pin mipsfpga_sys/top/cpu/core/ejt/ejt_tap/ejt_tck/_pa_data_reg_31_0_/cregister/cregister/q_reg[0]/C is not reached by a timing clock
Related violations: <none>

TIMING-17#50 Warning
Non-clocked sequential cell  
The clock pin mipsfpga_sys/top/cpu/core/ejt/ejt_tap/ejt_tck/_pa_data_reg_31_0_/cregister/cregister/q_reg[10]/C is not reached by a timing clock
Related violations: <none>

TIMING-17#51 Warning
Non-clocked sequential cell  
The clock pin mipsfpga_sys/top/cpu/core/ejt/ejt_tap/ejt_tck/_pa_data_reg_31_0_/cregister/cregister/q_reg[11]/C is not reached by a timing clock
Related violations: <none>

TIMING-17#52 Warning
Non-clocked sequential cell  
The clock pin mipsfpga_sys/top/cpu/core/ejt/ejt_tap/ejt_tck/_pa_data_reg_31_0_/cregister/cregister/q_reg[12]/C is not reached by a timing clock
Related violations: <none>

TIMING-17#53 Warning
Non-clocked sequential cell  
The clock pin mipsfpga_sys/top/cpu/core/ejt/ejt_tap/ejt_tck/_pa_data_reg_31_0_/cregister/cregister/q_reg[13]/C is not reached by a timing clock
Related violations: <none>

TIMING-17#54 Warning
Non-clocked sequential cell  
The clock pin mipsfpga_sys/top/cpu/core/ejt/ejt_tap/ejt_tck/_pa_data_reg_31_0_/cregister/cregister/q_reg[14]/C is not reached by a timing clock
Related violations: <none>

TIMING-17#55 Warning
Non-clocked sequential cell  
The clock pin mipsfpga_sys/top/cpu/core/ejt/ejt_tap/ejt_tck/_pa_data_reg_31_0_/cregister/cregister/q_reg[15]/C is not reached by a timing clock
Related violations: <none>

TIMING-17#56 Warning
Non-clocked sequential cell  
The clock pin mipsfpga_sys/top/cpu/core/ejt/ejt_tap/ejt_tck/_pa_data_reg_31_0_/cregister/cregister/q_reg[16]/C is not reached by a timing clock
Related violations: <none>

TIMING-17#57 Warning
Non-clocked sequential cell  
The clock pin mipsfpga_sys/top/cpu/core/ejt/ejt_tap/ejt_tck/_pa_data_reg_31_0_/cregister/cregister/q_reg[17]/C is not reached by a timing clock
Related violations: <none>

TIMING-17#58 Warning
Non-clocked sequential cell  
The clock pin mipsfpga_sys/top/cpu/core/ejt/ejt_tap/ejt_tck/_pa_data_reg_31_0_/cregister/cregister/q_reg[18]/C is not reached by a timing clock
Related violations: <none>

TIMING-17#59 Warning
Non-clocked sequential cell  
The clock pin mipsfpga_sys/top/cpu/core/ejt/ejt_tap/ejt_tck/_pa_data_reg_31_0_/cregister/cregister/q_reg[19]/C is not reached by a timing clock
Related violations: <none>

TIMING-17#60 Warning
Non-clocked sequential cell  
The clock pin mipsfpga_sys/top/cpu/core/ejt/ejt_tap/ejt_tck/_pa_data_reg_31_0_/cregister/cregister/q_reg[1]/C is not reached by a timing clock
Related violations: <none>

TIMING-17#61 Warning
Non-clocked sequential cell  
The clock pin mipsfpga_sys/top/cpu/core/ejt/ejt_tap/ejt_tck/_pa_data_reg_31_0_/cregister/cregister/q_reg[20]/C is not reached by a timing clock
Related violations: <none>

TIMING-17#62 Warning
Non-clocked sequential cell  
The clock pin mipsfpga_sys/top/cpu/core/ejt/ejt_tap/ejt_tck/_pa_data_reg_31_0_/cregister/cregister/q_reg[21]/C is not reached by a timing clock
Related violations: <none>

TIMING-17#63 Warning
Non-clocked sequential cell  
The clock pin mipsfpga_sys/top/cpu/core/ejt/ejt_tap/ejt_tck/_pa_data_reg_31_0_/cregister/cregister/q_reg[22]/C is not reached by a timing clock
Related violations: <none>

TIMING-17#64 Warning
Non-clocked sequential cell  
The clock pin mipsfpga_sys/top/cpu/core/ejt/ejt_tap/ejt_tck/_pa_data_reg_31_0_/cregister/cregister/q_reg[23]/C is not reached by a timing clock
Related violations: <none>

TIMING-17#65 Warning
Non-clocked sequential cell  
The clock pin mipsfpga_sys/top/cpu/core/ejt/ejt_tap/ejt_tck/_pa_data_reg_31_0_/cregister/cregister/q_reg[24]/C is not reached by a timing clock
Related violations: <none>

TIMING-17#66 Warning
Non-clocked sequential cell  
The clock pin mipsfpga_sys/top/cpu/core/ejt/ejt_tap/ejt_tck/_pa_data_reg_31_0_/cregister/cregister/q_reg[25]/C is not reached by a timing clock
Related violations: <none>

TIMING-17#67 Warning
Non-clocked sequential cell  
The clock pin mipsfpga_sys/top/cpu/core/ejt/ejt_tap/ejt_tck/_pa_data_reg_31_0_/cregister/cregister/q_reg[26]/C is not reached by a timing clock
Related violations: <none>

TIMING-17#68 Warning
Non-clocked sequential cell  
The clock pin mipsfpga_sys/top/cpu/core/ejt/ejt_tap/ejt_tck/_pa_data_reg_31_0_/cregister/cregister/q_reg[27]/C is not reached by a timing clock
Related violations: <none>

TIMING-17#69 Warning
Non-clocked sequential cell  
The clock pin mipsfpga_sys/top/cpu/core/ejt/ejt_tap/ejt_tck/_pa_data_reg_31_0_/cregister/cregister/q_reg[28]/C is not reached by a timing clock
Related violations: <none>

TIMING-17#70 Warning
Non-clocked sequential cell  
The clock pin mipsfpga_sys/top/cpu/core/ejt/ejt_tap/ejt_tck/_pa_data_reg_31_0_/cregister/cregister/q_reg[29]/C is not reached by a timing clock
Related violations: <none>

TIMING-17#71 Warning
Non-clocked sequential cell  
The clock pin mipsfpga_sys/top/cpu/core/ejt/ejt_tap/ejt_tck/_pa_data_reg_31_0_/cregister/cregister/q_reg[2]/C is not reached by a timing clock
Related violations: <none>

TIMING-17#72 Warning
Non-clocked sequential cell  
The clock pin mipsfpga_sys/top/cpu/core/ejt/ejt_tap/ejt_tck/_pa_data_reg_31_0_/cregister/cregister/q_reg[30]/C is not reached by a timing clock
Related violations: <none>

TIMING-17#73 Warning
Non-clocked sequential cell  
The clock pin mipsfpga_sys/top/cpu/core/ejt/ejt_tap/ejt_tck/_pa_data_reg_31_0_/cregister/cregister/q_reg[31]/C is not reached by a timing clock
Related violations: <none>

TIMING-17#74 Warning
Non-clocked sequential cell  
The clock pin mipsfpga_sys/top/cpu/core/ejt/ejt_tap/ejt_tck/_pa_data_reg_31_0_/cregister/cregister/q_reg[3]/C is not reached by a timing clock
Related violations: <none>

TIMING-17#75 Warning
Non-clocked sequential cell  
The clock pin mipsfpga_sys/top/cpu/core/ejt/ejt_tap/ejt_tck/_pa_data_reg_31_0_/cregister/cregister/q_reg[4]/C is not reached by a timing clock
Related violations: <none>

TIMING-17#76 Warning
Non-clocked sequential cell  
The clock pin mipsfpga_sys/top/cpu/core/ejt/ejt_tap/ejt_tck/_pa_data_reg_31_0_/cregister/cregister/q_reg[5]/C is not reached by a timing clock
Related violations: <none>

TIMING-17#77 Warning
Non-clocked sequential cell  
The clock pin mipsfpga_sys/top/cpu/core/ejt/ejt_tap/ejt_tck/_pa_data_reg_31_0_/cregister/cregister/q_reg[6]/C is not reached by a timing clock
Related violations: <none>

TIMING-17#78 Warning
Non-clocked sequential cell  
The clock pin mipsfpga_sys/top/cpu/core/ejt/ejt_tap/ejt_tck/_pa_data_reg_31_0_/cregister/cregister/q_reg[7]/C is not reached by a timing clock
Related violations: <none>

TIMING-17#79 Warning
Non-clocked sequential cell  
The clock pin mipsfpga_sys/top/cpu/core/ejt/ejt_tap/ejt_tck/_pa_data_reg_31_0_/cregister/cregister/q_reg[8]/C is not reached by a timing clock
Related violations: <none>

TIMING-17#80 Warning
Non-clocked sequential cell  
The clock pin mipsfpga_sys/top/cpu/core/ejt/ejt_tap/ejt_tck/_pa_data_reg_31_0_/cregister/cregister/q_reg[9]/C is not reached by a timing clock
Related violations: <none>

TIMING-17#81 Warning
Non-clocked sequential cell  
The clock pin mipsfpga_sys/top/cpu/core/ejt/ejt_tap/ejt_tck/_pa_data_reg_done_31_0_/cregister/cregister/q_reg[0]/C is not reached by a timing clock
Related violations: <none>

TIMING-17#82 Warning
Non-clocked sequential cell  
The clock pin mipsfpga_sys/top/cpu/core/ejt/ejt_tap/ejt_tck/_pa_data_reg_done_31_0_/cregister/cregister/q_reg[10]/C is not reached by a timing clock
Related violations: <none>

TIMING-17#83 Warning
Non-clocked sequential cell  
The clock pin mipsfpga_sys/top/cpu/core/ejt/ejt_tap/ejt_tck/_pa_data_reg_done_31_0_/cregister/cregister/q_reg[11]/C is not reached by a timing clock
Related violations: <none>

TIMING-17#84 Warning
Non-clocked sequential cell  
The clock pin mipsfpga_sys/top/cpu/core/ejt/ejt_tap/ejt_tck/_pa_data_reg_done_31_0_/cregister/cregister/q_reg[12]/C is not reached by a timing clock
Related violations: <none>

TIMING-17#85 Warning
Non-clocked sequential cell  
The clock pin mipsfpga_sys/top/cpu/core/ejt/ejt_tap/ejt_tck/_pa_data_reg_done_31_0_/cregister/cregister/q_reg[13]/C is not reached by a timing clock
Related violations: <none>

TIMING-17#86 Warning
Non-clocked sequential cell  
The clock pin mipsfpga_sys/top/cpu/core/ejt/ejt_tap/ejt_tck/_pa_data_reg_done_31_0_/cregister/cregister/q_reg[14]/C is not reached by a timing clock
Related violations: <none>

TIMING-17#87 Warning
Non-clocked sequential cell  
The clock pin mipsfpga_sys/top/cpu/core/ejt/ejt_tap/ejt_tck/_pa_data_reg_done_31_0_/cregister/cregister/q_reg[15]/C is not reached by a timing clock
Related violations: <none>

TIMING-17#88 Warning
Non-clocked sequential cell  
The clock pin mipsfpga_sys/top/cpu/core/ejt/ejt_tap/ejt_tck/_pa_data_reg_done_31_0_/cregister/cregister/q_reg[16]/C is not reached by a timing clock
Related violations: <none>

TIMING-17#89 Warning
Non-clocked sequential cell  
The clock pin mipsfpga_sys/top/cpu/core/ejt/ejt_tap/ejt_tck/_pa_data_reg_done_31_0_/cregister/cregister/q_reg[17]/C is not reached by a timing clock
Related violations: <none>

TIMING-17#90 Warning
Non-clocked sequential cell  
The clock pin mipsfpga_sys/top/cpu/core/ejt/ejt_tap/ejt_tck/_pa_data_reg_done_31_0_/cregister/cregister/q_reg[18]/C is not reached by a timing clock
Related violations: <none>

TIMING-17#91 Warning
Non-clocked sequential cell  
The clock pin mipsfpga_sys/top/cpu/core/ejt/ejt_tap/ejt_tck/_pa_data_reg_done_31_0_/cregister/cregister/q_reg[19]/C is not reached by a timing clock
Related violations: <none>

TIMING-17#92 Warning
Non-clocked sequential cell  
The clock pin mipsfpga_sys/top/cpu/core/ejt/ejt_tap/ejt_tck/_pa_data_reg_done_31_0_/cregister/cregister/q_reg[1]/C is not reached by a timing clock
Related violations: <none>

TIMING-17#93 Warning
Non-clocked sequential cell  
The clock pin mipsfpga_sys/top/cpu/core/ejt/ejt_tap/ejt_tck/_pa_data_reg_done_31_0_/cregister/cregister/q_reg[20]/C is not reached by a timing clock
Related violations: <none>

TIMING-17#94 Warning
Non-clocked sequential cell  
The clock pin mipsfpga_sys/top/cpu/core/ejt/ejt_tap/ejt_tck/_pa_data_reg_done_31_0_/cregister/cregister/q_reg[21]/C is not reached by a timing clock
Related violations: <none>

TIMING-17#95 Warning
Non-clocked sequential cell  
The clock pin mipsfpga_sys/top/cpu/core/ejt/ejt_tap/ejt_tck/_pa_data_reg_done_31_0_/cregister/cregister/q_reg[22]/C is not reached by a timing clock
Related violations: <none>

TIMING-17#96 Warning
Non-clocked sequential cell  
The clock pin mipsfpga_sys/top/cpu/core/ejt/ejt_tap/ejt_tck/_pa_data_reg_done_31_0_/cregister/cregister/q_reg[23]/C is not reached by a timing clock
Related violations: <none>

TIMING-17#97 Warning
Non-clocked sequential cell  
The clock pin mipsfpga_sys/top/cpu/core/ejt/ejt_tap/ejt_tck/_pa_data_reg_done_31_0_/cregister/cregister/q_reg[24]/C is not reached by a timing clock
Related violations: <none>

TIMING-17#98 Warning
Non-clocked sequential cell  
The clock pin mipsfpga_sys/top/cpu/core/ejt/ejt_tap/ejt_tck/_pa_data_reg_done_31_0_/cregister/cregister/q_reg[25]/C is not reached by a timing clock
Related violations: <none>

TIMING-17#99 Warning
Non-clocked sequential cell  
The clock pin mipsfpga_sys/top/cpu/core/ejt/ejt_tap/ejt_tck/_pa_data_reg_done_31_0_/cregister/cregister/q_reg[26]/C is not reached by a timing clock
Related violations: <none>

TIMING-17#100 Warning
Non-clocked sequential cell  
The clock pin mipsfpga_sys/top/cpu/core/ejt/ejt_tap/ejt_tck/_pa_data_reg_done_31_0_/cregister/cregister/q_reg[27]/C is not reached by a timing clock
Related violations: <none>

TIMING-17#101 Warning
Non-clocked sequential cell  
The clock pin mipsfpga_sys/top/cpu/core/ejt/ejt_tap/ejt_tck/_pa_data_reg_done_31_0_/cregister/cregister/q_reg[28]/C is not reached by a timing clock
Related violations: <none>

TIMING-17#102 Warning
Non-clocked sequential cell  
The clock pin mipsfpga_sys/top/cpu/core/ejt/ejt_tap/ejt_tck/_pa_data_reg_done_31_0_/cregister/cregister/q_reg[29]/C is not reached by a timing clock
Related violations: <none>

TIMING-17#103 Warning
Non-clocked sequential cell  
The clock pin mipsfpga_sys/top/cpu/core/ejt/ejt_tap/ejt_tck/_pa_data_reg_done_31_0_/cregister/cregister/q_reg[2]/C is not reached by a timing clock
Related violations: <none>

TIMING-17#104 Warning
Non-clocked sequential cell  
The clock pin mipsfpga_sys/top/cpu/core/ejt/ejt_tap/ejt_tck/_pa_data_reg_done_31_0_/cregister/cregister/q_reg[30]/C is not reached by a timing clock
Related violations: <none>

TIMING-17#105 Warning
Non-clocked sequential cell  
The clock pin mipsfpga_sys/top/cpu/core/ejt/ejt_tap/ejt_tck/_pa_data_reg_done_31_0_/cregister/cregister/q_reg[31]/C is not reached by a timing clock
Related violations: <none>

TIMING-17#106 Warning
Non-clocked sequential cell  
The clock pin mipsfpga_sys/top/cpu/core/ejt/ejt_tap/ejt_tck/_pa_data_reg_done_31_0_/cregister/cregister/q_reg[3]/C is not reached by a timing clock
Related violations: <none>

TIMING-17#107 Warning
Non-clocked sequential cell  
The clock pin mipsfpga_sys/top/cpu/core/ejt/ejt_tap/ejt_tck/_pa_data_reg_done_31_0_/cregister/cregister/q_reg[4]/C is not reached by a timing clock
Related violations: <none>

TIMING-17#108 Warning
Non-clocked sequential cell  
The clock pin mipsfpga_sys/top/cpu/core/ejt/ejt_tap/ejt_tck/_pa_data_reg_done_31_0_/cregister/cregister/q_reg[5]/C is not reached by a timing clock
Related violations: <none>

TIMING-17#109 Warning
Non-clocked sequential cell  
The clock pin mipsfpga_sys/top/cpu/core/ejt/ejt_tap/ejt_tck/_pa_data_reg_done_31_0_/cregister/cregister/q_reg[6]/C is not reached by a timing clock
Related violations: <none>

TIMING-17#110 Warning
Non-clocked sequential cell  
The clock pin mipsfpga_sys/top/cpu/core/ejt/ejt_tap/ejt_tck/_pa_data_reg_done_31_0_/cregister/cregister/q_reg[7]/C is not reached by a timing clock
Related violations: <none>

TIMING-17#111 Warning
Non-clocked sequential cell  
The clock pin mipsfpga_sys/top/cpu/core/ejt/ejt_tap/ejt_tck/_pa_data_reg_done_31_0_/cregister/cregister/q_reg[8]/C is not reached by a timing clock
Related violations: <none>

TIMING-17#112 Warning
Non-clocked sequential cell  
The clock pin mipsfpga_sys/top/cpu/core/ejt/ejt_tap/ejt_tck/_pa_data_reg_done_31_0_/cregister/cregister/q_reg[9]/C is not reached by a timing clock
Related violations: <none>

TIMING-17#113 Warning
Non-clocked sequential cell  
The clock pin mipsfpga_sys/top/cpu/core/ejt/ejt_tap/ejt_tck/_padone_real/q_reg[0]/C is not reached by a timing clock
Related violations: <none>

TIMING-17#114 Warning
Non-clocked sequential cell  
The clock pin mipsfpga_sys/top/cpu/core/ejt/ejt_tap/ejt_tck/_perrst_pre/q_reg[0]/C is not reached by a timing clock
Related violations: <none>

TIMING-17#115 Warning
Non-clocked sequential cell  
The clock pin mipsfpga_sys/top/cpu/core/ejt/ejt_tap/ejt_tck/_perrst_read/q_reg[0]/C is not reached by a timing clock
Related violations: <none>

TIMING-17#116 Warning
Non-clocked sequential cell  
The clock pin mipsfpga_sys/top/cpu/core/ejt/ejt_tap/ejt_tck/_pracc/q_reg[0]/C is not reached by a timing clock
Related violations: <none>

TIMING-17#117 Warning
Non-clocked sequential cell  
The clock pin mipsfpga_sys/top/cpu/core/ejt/ejt_tap/ejt_tck/_proben_pre/q_reg[0]/C is not reached by a timing clock
Related violations: <none>

TIMING-17#118 Warning
Non-clocked sequential cell  
The clock pin mipsfpga_sys/top/cpu/core/ejt/ejt_tap/ejt_tck/_proben_read/q_reg[0]/C is not reached by a timing clock
Related violations: <none>

TIMING-17#119 Warning
Non-clocked sequential cell  
The clock pin mipsfpga_sys/top/cpu/core/ejt/ejt_tap/ejt_tck/_probtrap_pre/q_reg[0]/C is not reached by a timing clock
Related violations: <none>

TIMING-17#120 Warning
Non-clocked sequential cell  
The clock pin mipsfpga_sys/top/cpu/core/ejt/ejt_tap/ejt_tck/_probtrap_read/q_reg[0]/C is not reached by a timing clock
Related violations: <none>

TIMING-17#121 Warning
Non-clocked sequential cell  
The clock pin mipsfpga_sys/top/cpu/core/ejt/ejt_tap/ejt_tck/_prrst_pre/q_reg[0]/C is not reached by a timing clock
Related violations: <none>

TIMING-17#122 Warning
Non-clocked sequential cell  
The clock pin mipsfpga_sys/top/cpu/core/ejt/ejt_tap/ejt_tck/_prrst_read/q_reg[0]/C is not reached by a timing clock
Related violations: <none>

TIMING-17#123 Warning
Non-clocked sequential cell  
The clock pin mipsfpga_sys/top/cpu/core/ejt/ejt_tap/ejt_tck/_reset_ff1/q_reg[0]/C is not reached by a timing clock
Related violations: <none>

TIMING-17#124 Warning
Non-clocked sequential cell  
The clock pin mipsfpga_sys/top/cpu/core/ejt/ejt_tap/ejt_tck/_reset_ff2/q_reg[0]/C is not reached by a timing clock
Related violations: <none>

TIMING-17#125 Warning
Non-clocked sequential cell  
The clock pin mipsfpga_sys/top/cpu/core/ejt/ejt_tap/ejt_tck/_reset_tck/q_reg[0]/C is not reached by a timing clock
Related violations: <none>

TIMING-17#126 Warning
Non-clocked sequential cell  
The clock pin mipsfpga_sys/top/cpu/core/ejt/ejt_tap/ejt_tck/_reset_tck_pre/q_reg[0]/C is not reached by a timing clock
Related violations: <none>

TIMING-17#127 Warning
Non-clocked sequential cell  
The clock pin mipsfpga_sys/top/cpu/core/ejt/ejt_tap/ejt_tck/_reset_unsync/q_reg[0]/C is not reached by a timing clock
Related violations: <none>

TIMING-17#128 Warning
Non-clocked sequential cell  
The clock pin mipsfpga_sys/top/cpu/core/ejt/ejt_tap/ejt_tck/_reset_unsynca/q_reg[0]/C is not reached by a timing clock
Related violations: <none>

TIMING-17#129 Warning
Non-clocked sequential cell  
The clock pin mipsfpga_sys/top/cpu/core/ejt/ejt_tap/ejt_tck/_rocc/q_reg[0]/C is not reached by a timing clock
Related violations: <none>

TIMING-17#130 Warning
Non-clocked sequential cell  
The clock pin mipsfpga_sys/top/cpu/core/ejt/ejt_tap/ejt_tck/_rocc_pre/q_reg[0]/C is not reached by a timing clock
Related violations: <none>

TIMING-17#131 Warning
Non-clocked sequential cell  
The clock pin mipsfpga_sys/top/cpu/core/ejt/ejt_tap/ejt_tck/_saved_spracc_for_fastdata/q_reg[0]/C is not reached by a timing clock
Related violations: <none>

TIMING-17#132 Warning
Non-clocked sequential cell  
The clock pin mipsfpga_sys/top/cpu/core/ejt/ejt_tap/ejt_tck/_shift_through_reg_31_0_/cregister/cregister/q_reg[0]/C is not reached by a timing clock
Related violations: <none>

TIMING-17#133 Warning
Non-clocked sequential cell  
The clock pin mipsfpga_sys/top/cpu/core/ejt/ejt_tap/ejt_tck/_shift_through_reg_31_0_/cregister/cregister/q_reg[10]/C is not reached by a timing clock
Related violations: <none>

TIMING-17#134 Warning
Non-clocked sequential cell  
The clock pin mipsfpga_sys/top/cpu/core/ejt/ejt_tap/ejt_tck/_shift_through_reg_31_0_/cregister/cregister/q_reg[11]/C is not reached by a timing clock
Related violations: <none>

TIMING-17#135 Warning
Non-clocked sequential cell  
The clock pin mipsfpga_sys/top/cpu/core/ejt/ejt_tap/ejt_tck/_shift_through_reg_31_0_/cregister/cregister/q_reg[12]/C is not reached by a timing clock
Related violations: <none>

TIMING-17#136 Warning
Non-clocked sequential cell  
The clock pin mipsfpga_sys/top/cpu/core/ejt/ejt_tap/ejt_tck/_shift_through_reg_31_0_/cregister/cregister/q_reg[13]/C is not reached by a timing clock
Related violations: <none>

TIMING-17#137 Warning
Non-clocked sequential cell  
The clock pin mipsfpga_sys/top/cpu/core/ejt/ejt_tap/ejt_tck/_shift_through_reg_31_0_/cregister/cregister/q_reg[14]/C is not reached by a timing clock
Related violations: <none>

TIMING-17#138 Warning
Non-clocked sequential cell  
The clock pin mipsfpga_sys/top/cpu/core/ejt/ejt_tap/ejt_tck/_shift_through_reg_31_0_/cregister/cregister/q_reg[15]/C is not reached by a timing clock
Related violations: <none>

TIMING-17#139 Warning
Non-clocked sequential cell  
The clock pin mipsfpga_sys/top/cpu/core/ejt/ejt_tap/ejt_tck/_shift_through_reg_31_0_/cregister/cregister/q_reg[16]/C is not reached by a timing clock
Related violations: <none>

TIMING-17#140 Warning
Non-clocked sequential cell  
The clock pin mipsfpga_sys/top/cpu/core/ejt/ejt_tap/ejt_tck/_shift_through_reg_31_0_/cregister/cregister/q_reg[17]/C is not reached by a timing clock
Related violations: <none>

TIMING-17#141 Warning
Non-clocked sequential cell  
The clock pin mipsfpga_sys/top/cpu/core/ejt/ejt_tap/ejt_tck/_shift_through_reg_31_0_/cregister/cregister/q_reg[18]/C is not reached by a timing clock
Related violations: <none>

TIMING-17#142 Warning
Non-clocked sequential cell  
The clock pin mipsfpga_sys/top/cpu/core/ejt/ejt_tap/ejt_tck/_shift_through_reg_31_0_/cregister/cregister/q_reg[19]/C is not reached by a timing clock
Related violations: <none>

TIMING-17#143 Warning
Non-clocked sequential cell  
The clock pin mipsfpga_sys/top/cpu/core/ejt/ejt_tap/ejt_tck/_shift_through_reg_31_0_/cregister/cregister/q_reg[1]/C is not reached by a timing clock
Related violations: <none>

TIMING-17#144 Warning
Non-clocked sequential cell  
The clock pin mipsfpga_sys/top/cpu/core/ejt/ejt_tap/ejt_tck/_shift_through_reg_31_0_/cregister/cregister/q_reg[20]/C is not reached by a timing clock
Related violations: <none>

TIMING-17#145 Warning
Non-clocked sequential cell  
The clock pin mipsfpga_sys/top/cpu/core/ejt/ejt_tap/ejt_tck/_shift_through_reg_31_0_/cregister/cregister/q_reg[21]/C is not reached by a timing clock
Related violations: <none>

TIMING-17#146 Warning
Non-clocked sequential cell  
The clock pin mipsfpga_sys/top/cpu/core/ejt/ejt_tap/ejt_tck/_shift_through_reg_31_0_/cregister/cregister/q_reg[22]/C is not reached by a timing clock
Related violations: <none>

TIMING-17#147 Warning
Non-clocked sequential cell  
The clock pin mipsfpga_sys/top/cpu/core/ejt/ejt_tap/ejt_tck/_shift_through_reg_31_0_/cregister/cregister/q_reg[23]/C is not reached by a timing clock
Related violations: <none>

TIMING-17#148 Warning
Non-clocked sequential cell  
The clock pin mipsfpga_sys/top/cpu/core/ejt/ejt_tap/ejt_tck/_shift_through_reg_31_0_/cregister/cregister/q_reg[24]/C is not reached by a timing clock
Related violations: <none>

TIMING-17#149 Warning
Non-clocked sequential cell  
The clock pin mipsfpga_sys/top/cpu/core/ejt/ejt_tap/ejt_tck/_shift_through_reg_31_0_/cregister/cregister/q_reg[25]/C is not reached by a timing clock
Related violations: <none>

TIMING-17#150 Warning
Non-clocked sequential cell  
The clock pin mipsfpga_sys/top/cpu/core/ejt/ejt_tap/ejt_tck/_shift_through_reg_31_0_/cregister/cregister/q_reg[26]/C is not reached by a timing clock
Related violations: <none>

TIMING-17#151 Warning
Non-clocked sequential cell  
The clock pin mipsfpga_sys/top/cpu/core/ejt/ejt_tap/ejt_tck/_shift_through_reg_31_0_/cregister/cregister/q_reg[27]/C is not reached by a timing clock
Related violations: <none>

TIMING-17#152 Warning
Non-clocked sequential cell  
The clock pin mipsfpga_sys/top/cpu/core/ejt/ejt_tap/ejt_tck/_shift_through_reg_31_0_/cregister/cregister/q_reg[28]/C is not reached by a timing clock
Related violations: <none>

TIMING-17#153 Warning
Non-clocked sequential cell  
The clock pin mipsfpga_sys/top/cpu/core/ejt/ejt_tap/ejt_tck/_shift_through_reg_31_0_/cregister/cregister/q_reg[29]/C is not reached by a timing clock
Related violations: <none>

TIMING-17#154 Warning
Non-clocked sequential cell  
The clock pin mipsfpga_sys/top/cpu/core/ejt/ejt_tap/ejt_tck/_shift_through_reg_31_0_/cregister/cregister/q_reg[2]/C is not reached by a timing clock
Related violations: <none>

TIMING-17#155 Warning
Non-clocked sequential cell  
The clock pin mipsfpga_sys/top/cpu/core/ejt/ejt_tap/ejt_tck/_shift_through_reg_31_0_/cregister/cregister/q_reg[30]/C is not reached by a timing clock
Related violations: <none>

TIMING-17#156 Warning
Non-clocked sequential cell  
The clock pin mipsfpga_sys/top/cpu/core/ejt/ejt_tap/ejt_tck/_shift_through_reg_31_0_/cregister/cregister/q_reg[31]/C is not reached by a timing clock
Related violations: <none>

TIMING-17#157 Warning
Non-clocked sequential cell  
The clock pin mipsfpga_sys/top/cpu/core/ejt/ejt_tap/ejt_tck/_shift_through_reg_31_0_/cregister/cregister/q_reg[3]/C is not reached by a timing clock
Related violations: <none>

TIMING-17#158 Warning
Non-clocked sequential cell  
The clock pin mipsfpga_sys/top/cpu/core/ejt/ejt_tap/ejt_tck/_shift_through_reg_31_0_/cregister/cregister/q_reg[4]/C is not reached by a timing clock
Related violations: <none>

TIMING-17#159 Warning
Non-clocked sequential cell  
The clock pin mipsfpga_sys/top/cpu/core/ejt/ejt_tap/ejt_tck/_shift_through_reg_31_0_/cregister/cregister/q_reg[5]/C is not reached by a timing clock
Related violations: <none>

TIMING-17#160 Warning
Non-clocked sequential cell  
The clock pin mipsfpga_sys/top/cpu/core/ejt/ejt_tap/ejt_tck/_shift_through_reg_31_0_/cregister/cregister/q_reg[6]/C is not reached by a timing clock
Related violations: <none>

TIMING-17#161 Warning
Non-clocked sequential cell  
The clock pin mipsfpga_sys/top/cpu/core/ejt/ejt_tap/ejt_tck/_shift_through_reg_31_0_/cregister/cregister/q_reg[7]/C is not reached by a timing clock
Related violations: <none>

TIMING-17#162 Warning
Non-clocked sequential cell  
The clock pin mipsfpga_sys/top/cpu/core/ejt/ejt_tap/ejt_tck/_shift_through_reg_31_0_/cregister/cregister/q_reg[8]/C is not reached by a timing clock
Related violations: <none>

TIMING-17#163 Warning
Non-clocked sequential cell  
The clock pin mipsfpga_sys/top/cpu/core/ejt/ejt_tap/ejt_tck/_shift_through_reg_31_0_/cregister/cregister/q_reg[9]/C is not reached by a timing clock
Related violations: <none>

TIMING-17#164 Warning
Non-clocked sequential cell  
The clock pin mipsfpga_sys/top/cpu/core/ejt/ejt_tap/ejt_tck/_tap_ctrl_3_0_/q_reg[0]/C is not reached by a timing clock
Related violations: <none>

TIMING-17#165 Warning
Non-clocked sequential cell  
The clock pin mipsfpga_sys/top/cpu/core/ejt/ejt_tap/ejt_tck/_tap_ctrl_3_0_/q_reg[1]/C is not reached by a timing clock
Related violations: <none>

TIMING-17#166 Warning
Non-clocked sequential cell  
The clock pin mipsfpga_sys/top/cpu/core/ejt/ejt_tap/ejt_tck/_tap_ctrl_3_0_/q_reg[2]/C is not reached by a timing clock
Related violations: <none>

TIMING-17#167 Warning
Non-clocked sequential cell  
The clock pin mipsfpga_sys/top/cpu/core/ejt/ejt_tap/ejt_tck/_tap_ctrl_3_0_/q_reg[3]/C is not reached by a timing clock
Related violations: <none>

TIMING-18#1 Warning
Missing input or output delay  
An input delay is missing on JB[3] relative to clock(s) clk_virt
Related violations: <none>

TIMING-18#2 Warning
Missing input or output delay  
An input delay is missing on JB[5] relative to clock(s) clk_virt
Related violations: <none>

TIMING-18#3 Warning
Missing input or output delay  
An input delay is missing on JB[6] relative to clock(s) clk_virt
Related violations: <none>

TIMING-18#4 Warning
Missing input or output delay  
An input delay is missing on JB[7] relative to clock(s) clk_virt
Related violations: <none>

TIMING-18#5 Warning
Missing input or output delay  
An input delay is missing on JB[8] relative to clock(s) clk_virt
Related violations: <none>


