INFO: [VRFC 10-2263] Analyzing Verilog file "C:/Comprehensive/OSX/OSX.srcs/sources_1/imports/rtl_up/RAMB4K_S16.v" into library xil_defaultlib
INFO: [VRFC 10-311] analyzing module RAMB4K_S16
INFO: [VRFC 10-2263] Analyzing Verilog file "C:/Comprehensive/OSX/OSX.srcs/sources_1/imports/rtl_up/RAMB4K_S2.v" into library xil_defaultlib
INFO: [VRFC 10-311] analyzing module RAMB4K_S2
INFO: [VRFC 10-2263] Analyzing Verilog file "C:/Comprehensive/OSX/OSX.srcs/sources_1/imports/rtl_up/RAMB4K_S8.v" into library xil_defaultlib
INFO: [VRFC 10-311] analyzing module RAMB4K_S8
INFO: [VRFC 10-2263] Analyzing Verilog file "C:/Comprehensive/OSX/OSX.srcs/sources_1/imports/rtl_up/d_wsram_2k2way_xilinx.v" into library xil_defaultlib
INFO: [VRFC 10-311] analyzing module d_wsram_2k2way_xilinx
INFO: [VRFC 10-2263] Analyzing Verilog file "C:/Comprehensive/OSX/OSX.srcs/sources_1/imports/rtl_up/dataram_2k2way_xilinx.v" into library xil_defaultlib
INFO: [VRFC 10-311] analyzing module dataram_2k2way_xilinx
INFO: [VRFC 10-2263] Analyzing Verilog file "C:/Comprehensive/OSX/OSX.srcs/sources_1/imports/rtl_up/ejtag_reset.v" into library xil_defaultlib
INFO: [VRFC 10-311] analyzing module ejtag_reset
INFO: [VRFC 10-2263] Analyzing Verilog file "C:/Comprehensive/OSX/OSX.srcs/sources_1/imports/rtl_up/i_wsram_2k2way_xilinx.v" into library xil_defaultlib
INFO: [VRFC 10-311] analyzing module i_wsram_2k2way_xilinx
INFO: [VRFC 10-2263] Analyzing Verilog file "C:/Comprehensive/OSX/OSX.srcs/sources_1/imports/rtl_up/m14k_alu_dsp_stub.v" into library xil_defaultlib
INFO: [VRFC 10-311] analyzing module m14k_alu_dsp_stub
INFO: [VRFC 10-2263] Analyzing Verilog file "C:/Comprehensive/OSX/OSX.srcs/sources_1/imports/rtl_up/m14k_alu_shft_32bit.v" into library xil_defaultlib
INFO: [VRFC 10-311] analyzing module m14k_alu_shft_32bit
INFO: [VRFC 10-2263] Analyzing Verilog file "C:/Comprehensive/OSX/OSX.srcs/sources_1/imports/rtl_up/m14k_bistctl.v" into library xil_defaultlib
INFO: [VRFC 10-311] analyzing module m14k_bistctl
INFO: [VRFC 10-2263] Analyzing Verilog file "C:/Comprehensive/OSX/OSX.srcs/sources_1/imports/rtl_up/m14k_biu.v" into library xil_defaultlib
INFO: [VRFC 10-311] analyzing module m14k_biu
INFO: [VRFC 10-2263] Analyzing Verilog file "C:/Comprehensive/OSX/OSX.srcs/sources_1/imports/rtl_up/m14k_cache_cmp.v" into library xil_defaultlib
INFO: [VRFC 10-311] analyzing module m14k_cache_cmp
INFO: [VRFC 10-2263] Analyzing Verilog file "C:/Comprehensive/OSX/OSX.srcs/sources_1/imports/rtl_up/m14k_cache_mux.v" into library xil_defaultlib
INFO: [VRFC 10-311] analyzing module m14k_cache_mux
INFO: [VRFC 10-2263] Analyzing Verilog file "C:/Comprehensive/OSX/OSX.srcs/sources_1/imports/rtl_up/m14k_cdmmstub.v" into library xil_defaultlib
INFO: [VRFC 10-311] analyzing module m14k_cdmmstub
INFO: [VRFC 10-2263] Analyzing Verilog file "C:/Comprehensive/OSX/OSX.srcs/sources_1/imports/rtl_up/m14k_clock_buf.v" into library xil_defaultlib
INFO: [VRFC 10-311] analyzing module m14k_clock_buf
INFO: [VRFC 10-2263] Analyzing Verilog file "C:/Comprehensive/OSX/OSX.srcs/sources_1/imports/rtl_up/m14k_clock_nogate.v" into library xil_defaultlib
INFO: [VRFC 10-311] analyzing module m14k_clock_nogate
INFO: [VRFC 10-2263] Analyzing Verilog file "C:/Comprehensive/OSX/OSX.srcs/sources_1/imports/rtl_up/m14k_clockandlatch.v" into library xil_defaultlib
INFO: [VRFC 10-311] analyzing module m14k_clockandlatch
INFO: [VRFC 10-2263] Analyzing Verilog file "C:/Comprehensive/OSX/OSX.srcs/sources_1/imports/rtl_up/m14k_clockxnorgate.v" into library xil_defaultlib
INFO: [VRFC 10-311] analyzing module m14k_clockxnorgate
INFO: [VRFC 10-2263] Analyzing Verilog file "C:/Comprehensive/OSX/OSX.srcs/sources_1/imports/rtl_up/m14k_cop1_stub.v" into library xil_defaultlib
INFO: [VRFC 10-311] analyzing module m14k_cop1_stub
INFO: [VRFC 10-2263] Analyzing Verilog file "C:/Comprehensive/OSX/OSX.srcs/sources_1/imports/rtl_up/m14k_cop2_stub.v" into library xil_defaultlib
INFO: [VRFC 10-311] analyzing module m14k_cop2_stub
INFO: [VRFC 10-2263] Analyzing Verilog file "C:/Comprehensive/OSX/OSX.srcs/sources_1/imports/rtl_up/m14k_core.v" into library xil_defaultlib
INFO: [VRFC 10-311] analyzing module m14k_core
INFO: [VRFC 10-2263] Analyzing Verilog file "C:/Comprehensive/OSX/OSX.srcs/sources_1/imports/rtl_up/m14k_cp1_stub.v" into library xil_defaultlib
INFO: [VRFC 10-311] analyzing module m14k_cp1_stub
INFO: [VRFC 10-2263] Analyzing Verilog file "C:/Comprehensive/OSX/OSX.srcs/sources_1/imports/rtl_up/m14k_cp2_stub.v" into library xil_defaultlib
INFO: [VRFC 10-311] analyzing module m14k_cp2_stub
INFO: [VRFC 10-2263] Analyzing Verilog file "C:/Comprehensive/OSX/OSX.srcs/sources_1/imports/rtl_up/m14k_cpu.v" into library xil_defaultlib
INFO: [VRFC 10-311] analyzing module m14k_cpu
INFO: [VRFC 10-2263] Analyzing Verilog file "C:/Comprehensive/OSX/OSX.srcs/sources_1/imports/rtl_up/m14k_cpz.v" into library xil_defaultlib
INFO: [VRFC 10-311] analyzing module m14k_cpz
INFO: [VRFC 10-2263] Analyzing Verilog file "C:/Comprehensive/OSX/OSX.srcs/sources_1/imports/rtl_up/m14k_cpz_antitamper_stub.v" into library xil_defaultlib
INFO: [VRFC 10-311] analyzing module m14k_cpz_antitamper_stub
INFO: [VRFC 10-2263] Analyzing Verilog file "C:/Comprehensive/OSX/OSX.srcs/sources_1/imports/rtl_up/m14k_cpz_eicoffset_stub.v" into library xil_defaultlib
INFO: [VRFC 10-311] analyzing module m14k_cpz_eicoffset_stub
INFO: [VRFC 10-2263] Analyzing Verilog file "C:/Comprehensive/OSX/OSX.srcs/sources_1/imports/rtl_up/m14k_cpz_guest_srs1.v" into library xil_defaultlib
INFO: [VRFC 10-311] analyzing module m14k_cpz_guest_srs1
INFO: [VRFC 10-2263] Analyzing Verilog file "C:/Comprehensive/OSX/OSX.srcs/sources_1/imports/rtl_up/m14k_cpz_guest_stub.v" into library xil_defaultlib
INFO: [VRFC 10-311] analyzing module m14k_cpz_guest_stub
INFO: [VRFC 10-2263] Analyzing Verilog file "C:/Comprehensive/OSX/OSX.srcs/sources_1/imports/rtl_up/m14k_cpz_pc.v" into library xil_defaultlib
INFO: [VRFC 10-311] analyzing module m14k_cpz_pc
INFO: [VRFC 10-2263] Analyzing Verilog file "C:/Comprehensive/OSX/OSX.srcs/sources_1/imports/rtl_up/m14k_cpz_pc_top.v" into library xil_defaultlib
INFO: [VRFC 10-311] analyzing module m14k_cpz_pc_top
INFO: [VRFC 10-2263] Analyzing Verilog file "C:/Comprehensive/OSX/OSX.srcs/sources_1/imports/rtl_up/m14k_cpz_prid.v" into library xil_defaultlib
INFO: [VRFC 10-311] analyzing module m14k_cpz_prid
INFO: [VRFC 10-2263] Analyzing Verilog file "C:/Comprehensive/OSX/OSX.srcs/sources_1/imports/rtl_up/m14k_cpz_root_stub.v" into library xil_defaultlib
INFO: [VRFC 10-311] analyzing module m14k_cpz_root_stub
INFO: [VRFC 10-2263] Analyzing Verilog file "C:/Comprehensive/OSX/OSX.srcs/sources_1/imports/rtl_up/m14k_cpz_sps_stub.v" into library xil_defaultlib
INFO: [VRFC 10-311] analyzing module m14k_cpz_sps_stub
INFO: [VRFC 10-2263] Analyzing Verilog file "C:/Comprehensive/OSX/OSX.srcs/sources_1/imports/rtl_up/m14k_cpz_srs1.v" into library xil_defaultlib
INFO: [VRFC 10-311] analyzing module m14k_cpz_srs1
INFO: [VRFC 10-2263] Analyzing Verilog file "C:/Comprehensive/OSX/OSX.srcs/sources_1/imports/rtl_up/m14k_cpz_watch_stub.v" into library xil_defaultlib
INFO: [VRFC 10-311] analyzing module m14k_cpz_watch_stub
INFO: [VRFC 10-2263] Analyzing Verilog file "C:/Comprehensive/OSX/OSX.srcs/sources_1/imports/rtl_up/m14k_cscramble_scanio_stub.v" into library xil_defaultlib
INFO: [VRFC 10-311] analyzing module m14k_cscramble_scanio_stub
INFO: [VRFC 10-2263] Analyzing Verilog file "C:/Comprehensive/OSX/OSX.srcs/sources_1/imports/rtl_up/m14k_cscramble_stub.v" into library xil_defaultlib
INFO: [VRFC 10-311] analyzing module m14k_cscramble_stub
INFO: [VRFC 10-2263] Analyzing Verilog file "C:/Comprehensive/OSX/OSX.srcs/sources_1/imports/rtl_up/m14k_cscramble_tpl.v" into library xil_defaultlib
INFO: [VRFC 10-311] analyzing module m14k_cscramble_tpl
INFO: [VRFC 10-2263] Analyzing Verilog file "C:/Comprehensive/OSX/OSX.srcs/sources_1/imports/rtl_up/m14k_dc.v" into library xil_defaultlib
INFO: [VRFC 10-311] analyzing module m14k_dc
INFO: [VRFC 10-2263] Analyzing Verilog file "C:/Comprehensive/OSX/OSX.srcs/sources_1/imports/rtl_up/m14k_dc_bistctl.v" into library xil_defaultlib
INFO: [VRFC 10-311] analyzing module m14k_dc_bistctl
INFO: [VRFC 10-2263] Analyzing Verilog file "C:/Comprehensive/OSX/OSX.srcs/sources_1/imports/rtl_up/m14k_dcc.v" into library xil_defaultlib
INFO: [VRFC 10-311] analyzing module m14k_dcc
INFO: [VRFC 10-2263] Analyzing Verilog file "C:/Comprehensive/OSX/OSX.srcs/sources_1/imports/rtl_up/m14k_dcc_fb.v" into library xil_defaultlib
INFO: [VRFC 10-311] analyzing module m14k_dcc_fb
INFO: [VRFC 10-2263] Analyzing Verilog file "C:/Comprehensive/OSX/OSX.srcs/sources_1/imports/rtl_up/m14k_dcc_mb_stub.v" into library xil_defaultlib
INFO: [VRFC 10-311] analyzing module m14k_dcc_mb_stub
INFO: [VRFC 10-2263] Analyzing Verilog file "C:/Comprehensive/OSX/OSX.srcs/sources_1/imports/rtl_up/m14k_dcc_parity_stub.v" into library xil_defaultlib
INFO: [VRFC 10-311] analyzing module m14k_dcc_parity_stub
INFO: [VRFC 10-2263] Analyzing Verilog file "C:/Comprehensive/OSX/OSX.srcs/sources_1/imports/rtl_up/m14k_dcc_spmb_stub.v" into library xil_defaultlib
INFO: [VRFC 10-311] analyzing module m14k_dcc_spmb_stub
INFO: [VRFC 10-2263] Analyzing Verilog file "C:/Comprehensive/OSX/OSX.srcs/sources_1/imports/rtl_up/m14k_dcc_spstub.v" into library xil_defaultlib
INFO: [VRFC 10-311] analyzing module m14k_dcc_spstub
INFO: [VRFC 10-2263] Analyzing Verilog file "C:/Comprehensive/OSX/OSX.srcs/sources_1/imports/rtl_up/m14k_dspram_ext_stub.v" into library xil_defaultlib
INFO: [VRFC 10-311] analyzing module m14k_dspram_ext_stub
INFO: [VRFC 10-2263] Analyzing Verilog file "C:/Comprehensive/OSX/OSX.srcs/sources_1/imports/rtl_up/m14k_edp.v" into library xil_defaultlib
INFO: [VRFC 10-311] analyzing module m14k_edp
INFO: [VRFC 10-2263] Analyzing Verilog file "C:/Comprehensive/OSX/OSX.srcs/sources_1/imports/rtl_up/m14k_edp_add_simple.v" into library xil_defaultlib
INFO: [VRFC 10-311] analyzing module m14k_edp_add_simple
INFO: [VRFC 10-2263] Analyzing Verilog file "C:/Comprehensive/OSX/OSX.srcs/sources_1/imports/rtl_up/m14k_edp_buf_misc.v" into library xil_defaultlib
INFO: [VRFC 10-311] analyzing module m14k_edp_buf_misc
INFO: [VRFC 10-2263] Analyzing Verilog file "C:/Comprehensive/OSX/OSX.srcs/sources_1/imports/rtl_up/m14k_edp_clz.v" into library xil_defaultlib
INFO: [VRFC 10-311] analyzing module m14k_edp_clz
INFO: [VRFC 10-2263] Analyzing Verilog file "C:/Comprehensive/OSX/OSX.srcs/sources_1/imports/rtl_up/m14k_edp_clz_16b.v" into library xil_defaultlib
INFO: [VRFC 10-311] analyzing module m14k_edp_clz_16b
INFO: [VRFC 10-2263] Analyzing Verilog file "C:/Comprehensive/OSX/OSX.srcs/sources_1/imports/rtl_up/m14k_edp_clz_4b.v" into library xil_defaultlib
INFO: [VRFC 10-311] analyzing module m14k_edp_clz_4b
INFO: [VRFC 10-2263] Analyzing Verilog file "C:/Comprehensive/OSX/OSX.srcs/sources_1/imports/rtl_up/m14k_ejt.v" into library xil_defaultlib
INFO: [VRFC 10-311] analyzing module m14k_ejt
INFO: [VRFC 10-2263] Analyzing Verilog file "C:/Comprehensive/OSX/OSX.srcs/sources_1/imports/rtl_up/m14k_ejt_and2.v" into library xil_defaultlib
INFO: [VRFC 10-311] analyzing module m14k_ejt_and2
INFO: [VRFC 10-2263] Analyzing Verilog file "C:/Comprehensive/OSX/OSX.srcs/sources_1/imports/rtl_up/m14k_ejt_area.v" into library xil_defaultlib
INFO: [VRFC 10-311] analyzing module m14k_ejt_area
INFO: [VRFC 10-2263] Analyzing Verilog file "C:/Comprehensive/OSX/OSX.srcs/sources_1/imports/rtl_up/m14k_ejt_async_rec.v" into library xil_defaultlib
INFO: [VRFC 10-311] analyzing module m14k_ejt_async_rec
INFO: [VRFC 10-2263] Analyzing Verilog file "C:/Comprehensive/OSX/OSX.srcs/sources_1/imports/rtl_up/m14k_ejt_async_snd.v" into library xil_defaultlib
INFO: [VRFC 10-311] analyzing module m14k_ejt_async_snd
INFO: [VRFC 10-2263] Analyzing Verilog file "C:/Comprehensive/OSX/OSX.srcs/sources_1/imports/rtl_up/m14k_ejt_brk21.v" into library xil_defaultlib
INFO: [VRFC 10-311] analyzing module m14k_ejt_brk21
INFO: [VRFC 10-2263] Analyzing Verilog file "C:/Comprehensive/OSX/OSX.srcs/sources_1/imports/rtl_up/m14k_ejt_bus32mux2.v" into library xil_defaultlib
INFO: [VRFC 10-311] analyzing module m14k_ejt_bus32mux2
INFO: [VRFC 10-2263] Analyzing Verilog file "C:/Comprehensive/OSX/OSX.srcs/sources_1/imports/rtl_up/m14k_ejt_dbrk.v" into library xil_defaultlib
INFO: [VRFC 10-311] analyzing module m14k_ejt_dbrk
INFO: [VRFC 10-2263] Analyzing Verilog file "C:/Comprehensive/OSX/OSX.srcs/sources_1/imports/rtl_up/m14k_ejt_gate.v" into library xil_defaultlib
INFO: [VRFC 10-311] analyzing module m14k_ejt_gate
INFO: [VRFC 10-2263] Analyzing Verilog file "C:/Comprehensive/OSX/OSX.srcs/sources_1/imports/rtl_up/m14k_ejt_ibrk.v" into library xil_defaultlib
INFO: [VRFC 10-311] analyzing module m14k_ejt_ibrk
INFO: [VRFC 10-2263] Analyzing Verilog file "C:/Comprehensive/OSX/OSX.srcs/sources_1/imports/rtl_up/m14k_ejt_mux2.v" into library xil_defaultlib
INFO: [VRFC 10-311] analyzing module m14k_ejt_mux2
INFO: [VRFC 10-2263] Analyzing Verilog file "C:/Comprehensive/OSX/OSX.srcs/sources_1/imports/rtl_up/m14k_ejt_pdttcb_stub.v" into library xil_defaultlib
INFO: [VRFC 10-311] analyzing module m14k_ejt_pdttcb_stub
INFO: [VRFC 10-2263] Analyzing Verilog file "C:/Comprehensive/OSX/OSX.srcs/sources_1/imports/rtl_up/m14k_ejt_tap.v" into library xil_defaultlib
INFO: [VRFC 10-311] analyzing module m14k_ejt_tap
INFO: [VRFC 10-2263] Analyzing Verilog file "C:/Comprehensive/OSX/OSX.srcs/sources_1/imports/rtl_up/m14k_ejt_tap_dasamstub.v" into library xil_defaultlib
INFO: [VRFC 10-311] analyzing module m14k_ejt_tap_dasamstub
INFO: [VRFC 10-2263] Analyzing Verilog file "C:/Comprehensive/OSX/OSX.srcs/sources_1/imports/rtl_up/m14k_ejt_tap_fdcstub.v" into library xil_defaultlib
INFO: [VRFC 10-311] analyzing module m14k_ejt_tap_fdcstub
INFO: [VRFC 10-2263] Analyzing Verilog file "C:/Comprehensive/OSX/OSX.srcs/sources_1/imports/rtl_up/m14k_ejt_tap_pcsamstub.v" into library xil_defaultlib
INFO: [VRFC 10-311] analyzing module m14k_ejt_tap_pcsamstub
INFO: [VRFC 10-2263] Analyzing Verilog file "C:/Comprehensive/OSX/OSX.srcs/sources_1/imports/rtl_up/m14k_ejt_tck.v" into library xil_defaultlib
INFO: [VRFC 10-311] analyzing module m14k_ejt_tck
INFO: [VRFC 10-2263] Analyzing Verilog file "C:/Comprehensive/OSX/OSX.srcs/sources_1/imports/rtl_up/m14k_fpuclk1_nogate.v" into library xil_defaultlib
INFO: [VRFC 10-311] analyzing module m14k_fpuclk1_nogate
INFO: [VRFC 10-2263] Analyzing Verilog file "C:/Comprehensive/OSX/OSX.srcs/sources_1/imports/rtl_up/m14k_gf_mux2.v" into library xil_defaultlib
INFO: [VRFC 10-311] analyzing module m14k_gf_mux2
INFO: [VRFC 10-2263] Analyzing Verilog file "C:/Comprehensive/OSX/OSX.srcs/sources_1/imports/rtl_up/m14k_glue.v" into library xil_defaultlib
INFO: [VRFC 10-311] analyzing module m14k_glue
INFO: [VRFC 10-2263] Analyzing Verilog file "C:/Comprehensive/OSX/OSX.srcs/sources_1/imports/rtl_up/m14k_ic.v" into library xil_defaultlib
INFO: [VRFC 10-311] analyzing module m14k_ic
INFO: [VRFC 10-2263] Analyzing Verilog file "C:/Comprehensive/OSX/OSX.srcs/sources_1/imports/rtl_up/m14k_ic_bistctl.v" into library xil_defaultlib
INFO: [VRFC 10-311] analyzing module m14k_ic_bistctl
INFO: [VRFC 10-2263] Analyzing Verilog file "C:/Comprehensive/OSX/OSX.srcs/sources_1/imports/rtl_up/m14k_icc.v" into library xil_defaultlib
INFO: [VRFC 10-311] analyzing module m14k_icc
INFO: [VRFC 10-2263] Analyzing Verilog file "C:/Comprehensive/OSX/OSX.srcs/sources_1/imports/rtl_up/m14k_icc_mb_stub.v" into library xil_defaultlib
INFO: [VRFC 10-311] analyzing module m14k_icc_mb_stub
INFO: [VRFC 10-2263] Analyzing Verilog file "C:/Comprehensive/OSX/OSX.srcs/sources_1/imports/rtl_up/m14k_icc_parity_stub.v" into library xil_defaultlib
INFO: [VRFC 10-311] analyzing module m14k_icc_parity_stub
INFO: [VRFC 10-2263] Analyzing Verilog file "C:/Comprehensive/OSX/OSX.srcs/sources_1/imports/rtl_up/m14k_icc_spmb_stub.v" into library xil_defaultlib
INFO: [VRFC 10-311] analyzing module m14k_icc_spmb_stub
INFO: [VRFC 10-2263] Analyzing Verilog file "C:/Comprehensive/OSX/OSX.srcs/sources_1/imports/rtl_up/m14k_icc_spstub.v" into library xil_defaultlib
INFO: [VRFC 10-311] analyzing module m14k_icc_spstub
INFO: [VRFC 10-2263] Analyzing Verilog file "C:/Comprehensive/OSX/OSX.srcs/sources_1/imports/rtl_up/m14k_icc_umips_stub.v" into library xil_defaultlib
INFO: [VRFC 10-311] analyzing module m14k_icc_umips_stub
INFO: [VRFC 10-2263] Analyzing Verilog file "C:/Comprehensive/OSX/OSX.srcs/sources_1/imports/rtl_up/m14k_ispram_ext_stub.v" into library xil_defaultlib
INFO: [VRFC 10-311] analyzing module m14k_ispram_ext_stub
INFO: [VRFC 10-2263] Analyzing Verilog file "C:/Comprehensive/OSX/OSX.srcs/sources_1/imports/rtl_up/m14k_mdl.v" into library xil_defaultlib
INFO: [VRFC 10-311] analyzing module m14k_mdl
INFO: [VRFC 10-2263] Analyzing Verilog file "C:/Comprehensive/OSX/OSX.srcs/sources_1/imports/rtl_up/m14k_mdl_add_simple.v" into library xil_defaultlib
INFO: [VRFC 10-311] analyzing module m14k_mdl_add_simple
INFO: [VRFC 10-2263] Analyzing Verilog file "C:/Comprehensive/OSX/OSX.srcs/sources_1/imports/rtl_up/m14k_mdl_ctl.v" into library xil_defaultlib
INFO: [VRFC 10-311] analyzing module m14k_mdl_ctl
INFO: [VRFC 10-2263] Analyzing Verilog file "C:/Comprehensive/OSX/OSX.srcs/sources_1/imports/rtl_up/m14k_mdl_dp.v" into library xil_defaultlib
INFO: [VRFC 10-311] analyzing module m14k_mdl_dp
INFO: [VRFC 10-2263] Analyzing Verilog file "C:/Comprehensive/OSX/OSX.srcs/sources_1/imports/rtl_up/m14k_mmuc.v" into library xil_defaultlib
INFO: [VRFC 10-311] analyzing module m14k_mmuc
INFO: [VRFC 10-2263] Analyzing Verilog file "C:/Comprehensive/OSX/OSX.srcs/sources_1/imports/rtl_up/m14k_mpc.v" into library xil_defaultlib
INFO: [VRFC 10-311] analyzing module m14k_mpc
INFO: [VRFC 10-2263] Analyzing Verilog file "C:/Comprehensive/OSX/OSX.srcs/sources_1/imports/rtl_up/m14k_mpc_ctl.v" into library xil_defaultlib
INFO: [VRFC 10-311] analyzing module m14k_mpc_ctl
INFO: [VRFC 10-2263] Analyzing Verilog file "C:/Comprehensive/OSX/OSX.srcs/sources_1/imports/rtl_up/m14k_mpc_dec.v" into library xil_defaultlib
INFO: [VRFC 10-311] analyzing module m14k_mpc_dec
INFO: [VRFC 10-2263] Analyzing Verilog file "C:/Comprehensive/OSX/OSX.srcs/sources_1/imports/rtl_up/m14k_mpc_exc.v" into library xil_defaultlib
INFO: [VRFC 10-311] analyzing module m14k_mpc_exc
INFO: [VRFC 10-2263] Analyzing Verilog file "C:/Comprehensive/OSX/OSX.srcs/sources_1/imports/rtl_up/m14k_rf_reg.v" into library xil_defaultlib
INFO: [VRFC 10-311] analyzing module m14k_rf_reg
INFO: [VRFC 10-2263] Analyzing Verilog file "C:/Comprehensive/OSX/OSX.srcs/sources_1/imports/rtl_up/m14k_rf_rngc.v" into library xil_defaultlib
INFO: [VRFC 10-311] analyzing module m14k_rf_rngc
INFO: [VRFC 10-2263] Analyzing Verilog file "C:/Comprehensive/OSX/OSX.srcs/sources_1/imports/rtl_up/m14k_rf_stub.v" into library xil_defaultlib
INFO: [VRFC 10-311] analyzing module m14k_rf_stub
INFO: [VRFC 10-2263] Analyzing Verilog file "C:/Comprehensive/OSX/OSX.srcs/sources_1/imports/rtl_up/m14k_siu.v" into library xil_defaultlib
INFO: [VRFC 10-311] analyzing module m14k_siu
INFO: [VRFC 10-2263] Analyzing Verilog file "C:/Comprehensive/OSX/OSX.srcs/sources_1/imports/rtl_up/m14k_siu_int_sync.v" into library xil_defaultlib
INFO: [VRFC 10-311] analyzing module m14k_siu_int_sync
INFO: [VRFC 10-2263] Analyzing Verilog file "C:/Comprehensive/OSX/OSX.srcs/sources_1/imports/rtl_up/m14k_spram_top.v" into library xil_defaultlib
INFO: [VRFC 10-311] analyzing module m14k_spram_top
INFO: [VRFC 10-2263] Analyzing Verilog file "C:/Comprehensive/OSX/OSX.srcs/sources_1/imports/rtl_up/m14k_tlb.v" into library xil_defaultlib
INFO: [VRFC 10-311] analyzing module m14k_tlb
INFO: [VRFC 10-2263] Analyzing Verilog file "C:/Comprehensive/OSX/OSX.srcs/sources_1/imports/rtl_up/m14k_tlb_collector.v" into library xil_defaultlib
INFO: [VRFC 10-311] analyzing module m14k_tlb_collector
INFO: [VRFC 10-2263] Analyzing Verilog file "C:/Comprehensive/OSX/OSX.srcs/sources_1/imports/rtl_up/m14k_tlb_cpy.v" into library xil_defaultlib
INFO: [VRFC 10-311] analyzing module m14k_tlb_cpy
INFO: [VRFC 10-2263] Analyzing Verilog file "C:/Comprehensive/OSX/OSX.srcs/sources_1/imports/rtl_up/m14k_tlb_ctl.v" into library xil_defaultlib
INFO: [VRFC 10-311] analyzing module m14k_tlb_ctl
INFO: [VRFC 10-2263] Analyzing Verilog file "C:/Comprehensive/OSX/OSX.srcs/sources_1/imports/rtl_up/m14k_tlb_dtlb.v" into library xil_defaultlib
INFO: [VRFC 10-311] analyzing module m14k_tlb_dtlb
INFO: [VRFC 10-2263] Analyzing Verilog file "C:/Comprehensive/OSX/OSX.srcs/sources_1/imports/rtl_up/m14k_tlb_itlb.v" into library xil_defaultlib
INFO: [VRFC 10-311] analyzing module m14k_tlb_itlb
INFO: [VRFC 10-2263] Analyzing Verilog file "C:/Comprehensive/OSX/OSX.srcs/sources_1/imports/rtl_up/m14k_tlb_jtlb16.v" into library xil_defaultlib
INFO: [VRFC 10-311] analyzing module m14k_tlb_jtlb16
INFO: [VRFC 10-2263] Analyzing Verilog file "C:/Comprehensive/OSX/OSX.srcs/sources_1/imports/rtl_up/m14k_tlb_jtlb16entries.v" into library xil_defaultlib
INFO: [VRFC 10-311] analyzing module m14k_tlb_jtlb16entries
INFO: [VRFC 10-2263] Analyzing Verilog file "C:/Comprehensive/OSX/OSX.srcs/sources_1/imports/rtl_up/m14k_tlb_jtlb1entry.v" into library xil_defaultlib
INFO: [VRFC 10-311] analyzing module m14k_tlb_jtlb1entry
INFO: [VRFC 10-2263] Analyzing Verilog file "C:/Comprehensive/OSX/OSX.srcs/sources_1/imports/rtl_up/m14k_tlb_jtlb4entries.v" into library xil_defaultlib
INFO: [VRFC 10-311] analyzing module m14k_tlb_jtlb4entries
INFO: [VRFC 10-2263] Analyzing Verilog file "C:/Comprehensive/OSX/OSX.srcs/sources_1/imports/rtl_up/m14k_tlb_utlb.v" into library xil_defaultlib
INFO: [VRFC 10-311] analyzing module m14k_tlb_utlb
INFO: [VRFC 10-2263] Analyzing Verilog file "C:/Comprehensive/OSX/OSX.srcs/sources_1/imports/rtl_up/m14k_tlb_utlbentry.v" into library xil_defaultlib
INFO: [VRFC 10-311] analyzing module m14k_tlb_utlbentry
INFO: [VRFC 10-2263] Analyzing Verilog file "C:/Comprehensive/OSX/OSX.srcs/sources_1/imports/rtl_up/m14k_top.v" into library xil_defaultlib
INFO: [VRFC 10-311] analyzing module m14k_top
INFO: [VRFC 10-2263] Analyzing Verilog file "C:/Comprehensive/OSX/OSX.srcs/sources_1/imports/rtl_up/m14k_udi_stub.v" into library xil_defaultlib
INFO: [VRFC 10-311] analyzing module m14k_udi_stub
INFO: [VRFC 10-2263] Analyzing Verilog file "C:/Comprehensive/OSX/OSX.srcs/sources_1/imports/rtl_up/mipsfpga_ahb.v" into library xil_defaultlib
INFO: [VRFC 10-311] analyzing module mipsfpga_ahb
INFO: [VRFC 10-311] analyzing module ahb_decoder
INFO: [VRFC 10-311] analyzing module ahb_mux
INFO: [VRFC 10-311] analyzing module flop
INFO: [VRFC 10-2263] Analyzing Verilog file "C:/Comprehensive/OSX/OSX.srcs/sources_1/imports/rtl_up/mipsfpga_ahb_gpio.v" into library xil_defaultlib
INFO: [VRFC 10-311] analyzing module mipsfpga_ahb_gpio
INFO: [VRFC 10-2263] Analyzing Verilog file "C:/Comprehensive/OSX/OSX.srcs/sources_1/imports/rtl_up/mipsfpga_ahb_ram.v" into library xil_defaultlib
INFO: [VRFC 10-311] analyzing module mipsfpga_ahb_ram
INFO: [VRFC 10-2263] Analyzing Verilog file "C:/Comprehensive/OSX/OSX.srcs/sources_1/imports/rtl_up/mipsfpga_ahb_ram_reset.v" into library xil_defaultlib
INFO: [VRFC 10-311] analyzing module mipsfpga_ahb_ram_reset
INFO: [VRFC 10-2263] Analyzing Verilog file "C:/Comprehensive/OSX/OSX.srcs/sources_1/imports/rtl_up/mipsfpga_sys.v" into library xil_defaultlib
INFO: [VRFC 10-311] analyzing module mipsfpga_sys
INFO: [VRFC 10-2263] Analyzing Verilog file "C:/Comprehensive/OSX/OSX.srcs/sources_1/imports/rtl_up/mvp_cregister.v" into library xil_defaultlib
INFO: [VRFC 10-311] analyzing module mvp_cregister
INFO: [VRFC 10-2263] Analyzing Verilog file "C:/Comprehensive/OSX/OSX.srcs/sources_1/imports/rtl_up/mvp_cregister_c.v" into library xil_defaultlib
INFO: [VRFC 10-311] analyzing module mvp_cregister_c
INFO: [VRFC 10-2263] Analyzing Verilog file "C:/Comprehensive/OSX/OSX.srcs/sources_1/imports/rtl_up/mvp_cregister_ngc.v" into library xil_defaultlib
INFO: [VRFC 10-311] analyzing module mvp_cregister_ngc
INFO: [VRFC 10-2263] Analyzing Verilog file "C:/Comprehensive/OSX/OSX.srcs/sources_1/imports/rtl_up/mvp_cregister_s.v" into library xil_defaultlib
INFO: [VRFC 10-311] analyzing module mvp_cregister_s
INFO: [VRFC 10-2263] Analyzing Verilog file "C:/Comprehensive/OSX/OSX.srcs/sources_1/imports/rtl_up/mvp_cregister_wide.v" into library xil_defaultlib
INFO: [VRFC 10-311] analyzing module mvp_cregister_wide
INFO: [VRFC 10-2263] Analyzing Verilog file "C:/Comprehensive/OSX/OSX.srcs/sources_1/imports/rtl_up/mvp_cregister_wide_tlb.v" into library xil_defaultlib
INFO: [VRFC 10-311] analyzing module mvp_cregister_wide_tlb
INFO: [VRFC 10-2263] Analyzing Verilog file "C:/Comprehensive/OSX/OSX.srcs/sources_1/imports/rtl_up/mvp_cregister_wide_utlb.v" into library xil_defaultlib
INFO: [VRFC 10-311] analyzing module mvp_cregister_wide_utlb
INFO: [VRFC 10-2263] Analyzing Verilog file "C:/Comprehensive/OSX/OSX.srcs/sources_1/imports/rtl_up/mvp_latchn.v" into library xil_defaultlib
INFO: [VRFC 10-311] analyzing module mvp_latchn
INFO: [VRFC 10-2263] Analyzing Verilog file "C:/Comprehensive/OSX/OSX.srcs/sources_1/imports/rtl_up/mvp_mux16.v" into library xil_defaultlib
INFO: [VRFC 10-311] analyzing module mvp_mux16
INFO: [VRFC 10-2263] Analyzing Verilog file "C:/Comprehensive/OSX/OSX.srcs/sources_1/imports/rtl_up/mvp_mux1hot_10.v" into library xil_defaultlib
INFO: [VRFC 10-311] analyzing module mvp_mux1hot_10
INFO: [VRFC 10-2263] Analyzing Verilog file "C:/Comprehensive/OSX/OSX.srcs/sources_1/imports/rtl_up/mvp_mux1hot_13.v" into library xil_defaultlib
INFO: [VRFC 10-311] analyzing module mvp_mux1hot_13
INFO: [VRFC 10-2263] Analyzing Verilog file "C:/Comprehensive/OSX/OSX.srcs/sources_1/imports/rtl_up/mvp_mux1hot_24.v" into library xil_defaultlib
INFO: [VRFC 10-311] analyzing module mvp_mux1hot_24
INFO: [VRFC 10-2263] Analyzing Verilog file "C:/Comprehensive/OSX/OSX.srcs/sources_1/imports/rtl_up/mvp_mux1hot_3.v" into library xil_defaultlib
INFO: [VRFC 10-311] analyzing module mvp_mux1hot_3
INFO: [VRFC 10-2263] Analyzing Verilog file "C:/Comprehensive/OSX/OSX.srcs/sources_1/imports/rtl_up/mvp_mux1hot_4.v" into library xil_defaultlib
INFO: [VRFC 10-311] analyzing module mvp_mux1hot_4
INFO: [VRFC 10-2263] Analyzing Verilog file "C:/Comprehensive/OSX/OSX.srcs/sources_1/imports/rtl_up/mvp_mux1hot_5.v" into library xil_defaultlib
INFO: [VRFC 10-311] analyzing module mvp_mux1hot_5
INFO: [VRFC 10-2263] Analyzing Verilog file "C:/Comprehensive/OSX/OSX.srcs/sources_1/imports/rtl_up/mvp_mux1hot_6.v" into library xil_defaultlib
INFO: [VRFC 10-311] analyzing module mvp_mux1hot_6
INFO: [VRFC 10-2263] Analyzing Verilog file "C:/Comprehensive/OSX/OSX.srcs/sources_1/imports/rtl_up/mvp_mux1hot_8.v" into library xil_defaultlib
INFO: [VRFC 10-311] analyzing module mvp_mux1hot_8
INFO: [VRFC 10-2263] Analyzing Verilog file "C:/Comprehensive/OSX/OSX.srcs/sources_1/imports/rtl_up/mvp_mux1hot_9.v" into library xil_defaultlib
INFO: [VRFC 10-311] analyzing module mvp_mux1hot_9
INFO: [VRFC 10-2263] Analyzing Verilog file "C:/Comprehensive/OSX/OSX.srcs/sources_1/imports/rtl_up/mvp_mux2.v" into library xil_defaultlib
INFO: [VRFC 10-311] analyzing module mvp_mux2
INFO: [VRFC 10-2263] Analyzing Verilog file "C:/Comprehensive/OSX/OSX.srcs/sources_1/imports/rtl_up/mvp_mux4.v" into library xil_defaultlib
INFO: [VRFC 10-311] analyzing module mvp_mux4
INFO: [VRFC 10-2263] Analyzing Verilog file "C:/Comprehensive/OSX/OSX.srcs/sources_1/imports/rtl_up/mvp_mux8.v" into library xil_defaultlib
INFO: [VRFC 10-311] analyzing module mvp_mux8
INFO: [VRFC 10-2263] Analyzing Verilog file "C:/Comprehensive/OSX/OSX.srcs/sources_1/imports/rtl_up/mvp_register.v" into library xil_defaultlib
INFO: [VRFC 10-311] analyzing module mvp_register
INFO: [VRFC 10-2263] Analyzing Verilog file "C:/Comprehensive/OSX/OSX.srcs/sources_1/imports/rtl_up/mvp_register_c.v" into library xil_defaultlib
INFO: [VRFC 10-311] analyzing module mvp_register_c
INFO: [VRFC 10-2263] Analyzing Verilog file "C:/Comprehensive/OSX/OSX.srcs/sources_1/imports/rtl_up/mvp_register_ngc.v" into library xil_defaultlib
INFO: [VRFC 10-311] analyzing module mvp_register_ngc
INFO: [VRFC 10-2263] Analyzing Verilog file "C:/Comprehensive/OSX/OSX.srcs/sources_1/imports/rtl_up/mvp_register_s.v" into library xil_defaultlib
INFO: [VRFC 10-311] analyzing module mvp_register_s
INFO: [VRFC 10-2263] Analyzing Verilog file "C:/Comprehensive/OSX/OSX.srcs/sources_1/imports/rtl_up/mvp_ucregister_wide.v" into library xil_defaultlib
INFO: [VRFC 10-311] analyzing module mvp_ucregister_wide
INFO: [VRFC 10-2263] Analyzing Verilog file "C:/Comprehensive/OSX/OSX.srcs/sources_1/imports/rtl_up/ram_dual_port.v" into library xil_defaultlib
INFO: [VRFC 10-311] analyzing module ram_dual_port
INFO: [VRFC 10-2263] Analyzing Verilog file "C:/Comprehensive/OSX/OSX.srcs/sources_1/imports/rtl_up/ram_reset_dual_port.v" into library xil_defaultlib
INFO: [VRFC 10-311] analyzing module ram_reset_dual_port
INFO: [VRFC 10-2263] Analyzing Verilog file "C:/Comprehensive/OSX/OSX.srcs/sources_1/imports/rtl_up/tagram_2k2way_xilinx.v" into library xil_defaultlib
INFO: [VRFC 10-311] analyzing module tagram_2k2way_xilinx
INFO: [VRFC 10-2263] Analyzing Verilog file "C:/Comprehensive/OSX/OSX.srcs/sources_1/imports/rtl_up/testbench.v" into library xil_defaultlib
INFO: [VRFC 10-311] analyzing module testbench
INFO: [VRFC 10-2263] Analyzing Verilog file "C:/Comprehensive/OSX/OSX.sim/sim_1/behav/xsim/glbl.v" into library xil_defaultlib
INFO: [VRFC 10-311] analyzing module glbl
