Vivado Simulator 2017.3
Copyright 1986-1999, 2001-2016 Xilinx, Inc. All Rights Reserved.
Running: C:/Xilinx/Vivado/2017.3/bin/unwrapped/win64.o/xelab.exe -wto 00292a7f996940f480cda34c2879de34 --incr --debug typical --relax --mt 2 -L xil_defaultlib -L unisims_ver -L unimacro_ver -L secureip -L xpm --snapshot testbench_behav xil_defaultlib.testbench xil_defaultlib.glbl -log elaborate.log 
Using 2 slave threads.
Starting static elaboration
Completed static elaboration
Starting simulation data flow analysis
Completed simulation data flow analysis
Time Resolution for simulation is 1ps
Compiling module xil_defaultlib.m14k_clock_buf
Compiling module xil_defaultlib.m14k_clock_nogate
Compiling module xil_defaultlib.mvp_cregister(WIDTH=6)
Compiling module xil_defaultlib.mvp_cregister_ngc(WIDTH=6)
Compiling module xil_defaultlib.mvp_cregister_wide(WIDTH=6)
Compiling module xil_defaultlib.mvp_cregister(WIDTH=4)
Compiling module xil_defaultlib.mvp_cregister_ngc(WIDTH=4)
Compiling module xil_defaultlib.mvp_cregister_wide(WIDTH=4)
Compiling module xil_defaultlib.mvp_cregister
Compiling module xil_defaultlib.mvp_cregister(WIDTH=9)
Compiling module xil_defaultlib.mvp_cregister_ngc(WIDTH=9)
Compiling module xil_defaultlib.mvp_cregister_wide(WIDTH=9)
Compiling module xil_defaultlib.mvp_cregister(WIDTH=32)
Compiling module xil_defaultlib.mvp_cregister_ngc(WIDTH=32)
Compiling module xil_defaultlib.mvp_cregister_wide(WIDTH=32)
Compiling module xil_defaultlib.mvp_register
Compiling module xil_defaultlib.mvp_cregister(WIDTH=8)
Compiling module xil_defaultlib.mvp_cregister_ngc(WIDTH=8)
Compiling module xil_defaultlib.mvp_cregister_wide(WIDTH=8)
Compiling module xil_defaultlib.mvp_mux2(WIDTH=32)
Compiling module xil_defaultlib.mvp_register(WIDTH=32)
Compiling module xil_defaultlib.m14k_cpz_antitamper_stub
Compiling module xil_defaultlib.mvp_mux8(WIDTH=32)
Compiling module xil_defaultlib.mvp_cregister(WIDTH=5)
Compiling module xil_defaultlib.mvp_cregister_ngc(WIDTH=5)
Compiling module xil_defaultlib.mvp_cregister_wide(WIDTH=5)
Compiling module xil_defaultlib.mvp_cregister(WIDTH=10)
Compiling module xil_defaultlib.mvp_cregister_ngc(WIDTH=10)
Compiling module xil_defaultlib.mvp_cregister_wide(WIDTH=10)
Compiling module xil_defaultlib.m14k_cpz_eicoffset_stub
Compiling module xil_defaultlib.m14k_edp_clz_4b
Compiling module xil_defaultlib.m14k_edp_clz_16b
Compiling module xil_defaultlib.m14k_cpz_srs1
Compiling module xil_defaultlib.mvp_register(WIDTH=26)
Compiling module xil_defaultlib.mvp_register_ngc(WIDTH=26)
Compiling module xil_defaultlib.mvp_ucregister_wide(WIDTH=26)
Compiling module xil_defaultlib.mvp_register(WIDTH=15)
Compiling module xil_defaultlib.mvp_register_ngc(WIDTH=15)
Compiling module xil_defaultlib.mvp_ucregister_wide(WIDTH=15)
Compiling module xil_defaultlib.mvp_cregister(WIDTH=38)
Compiling module xil_defaultlib.mvp_cregister_ngc(WIDTH=38)
Compiling module xil_defaultlib.mvp_cregister_wide(WIDTH=38)
Compiling module xil_defaultlib.mvp_cregister(WIDTH=2)
Compiling module xil_defaultlib.mvp_cregister(WIDTH=17)
Compiling module xil_defaultlib.mvp_cregister_ngc(WIDTH=17)
Compiling module xil_defaultlib.mvp_cregister_wide(WIDTH=17)
Compiling module xil_defaultlib.mvp_register(WIDTH=12)
Compiling module xil_defaultlib.mvp_register_ngc(WIDTH=12)
Compiling module xil_defaultlib.mvp_ucregister_wide(WIDTH=12)
Compiling module xil_defaultlib.mvp_mux4(WIDTH=32)
Compiling module xil_defaultlib.m14k_cpz_prid
Compiling module xil_defaultlib.mvp_cregister(WIDTH=18)
Compiling module xil_defaultlib.mvp_cregister_ngc(WIDTH=18)
Compiling module xil_defaultlib.mvp_cregister_wide(WIDTH=18)
Compiling module xil_defaultlib.mvp_mux4(WIDTH=9)
Compiling module xil_defaultlib.mvp_register(WIDTH=28)
Compiling module xil_defaultlib.mvp_register_ngc(WIDTH=28)
Compiling module xil_defaultlib.mvp_ucregister_wide(WIDTH=28)
Compiling module xil_defaultlib.mvp_mux1hot_3(WIDTH=32)
Compiling module xil_defaultlib.mvp_register(WIDTH=5)
Compiling module xil_defaultlib.mvp_register_ngc(WIDTH=5)
Compiling module xil_defaultlib.mvp_ucregister_wide(WIDTH=5)
Compiling module xil_defaultlib.mvp_register(WIDTH=7)
Compiling module xil_defaultlib.mvp_register_ngc(WIDTH=7)
Compiling module xil_defaultlib.mvp_ucregister_wide(WIDTH=7)
Compiling module xil_defaultlib.mvp_mux1hot_24(WIDTH=32)
Compiling module xil_defaultlib.m14k_cpz_watch_stub
Compiling module xil_defaultlib.mvp_cregister(WIDTH=14)
Compiling module xil_defaultlib.mvp_cregister_ngc(WIDTH=14)
Compiling module xil_defaultlib.mvp_cregister_wide(WIDTH=14)
Compiling module xil_defaultlib.m14k_cpz_sps_stub
Compiling module xil_defaultlib.mvp_cregister(WIDTH=28)
Compiling module xil_defaultlib.mvp_cregister_ngc(WIDTH=28)
Compiling module xil_defaultlib.mvp_cregister_wide(WIDTH=28)
Compiling module xil_defaultlib.mvp_mux1hot_4(WIDTH=32)
Compiling module xil_defaultlib.mvp_cregister(WIDTH=11)
Compiling module xil_defaultlib.mvp_cregister_ngc(WIDTH=11)
Compiling module xil_defaultlib.mvp_cregister_wide(WIDTH=11)
Compiling module xil_defaultlib.mvp_cregister(WIDTH=3)
Compiling module xil_defaultlib.mvp_mux4
Compiling module xil_defaultlib.mvp_register(WIDTH=256)
Compiling module xil_defaultlib.mvp_register_ngc(WIDTH=256)
Compiling module xil_defaultlib.mvp_ucregister_wide(WIDTH=256)
Compiling module xil_defaultlib.mvp_register(WIDTH=8)
Compiling module xil_defaultlib.mvp_register_ngc(WIDTH=8)
Compiling module xil_defaultlib.mvp_ucregister_wide(WIDTH=8)
Compiling module xil_defaultlib.m14k_cpz_pc
Compiling module xil_defaultlib.m14k_cpz_pc(NXT_COUNTER=1'b0)
Compiling module xil_defaultlib.mvp_cregister(WIDTH=21)
Compiling module xil_defaultlib.mvp_cregister_ngc(WIDTH=21)
Compiling module xil_defaultlib.mvp_cregister_wide(WIDTH=21)
Compiling module xil_defaultlib.m14k_cpz_pc_top
Compiling module xil_defaultlib.m14k_cpz_root_stub
Compiling module xil_defaultlib.m14k_cpz_guest_srs1
Compiling module xil_defaultlib.m14k_cpz_guest_stub
Compiling module xil_defaultlib.m14k_cpz
Compiling module xil_defaultlib.m14k_cdmmstub
Compiling module xil_defaultlib.m14k_cp2_stub
Compiling module xil_defaultlib.m14k_cp1_stub
Compiling module xil_defaultlib.mvp_mux2(WIDTH=16)
Compiling module xil_defaultlib.mvp_mux2(WIDTH=5)
Compiling module xil_defaultlib.mvp_mux2(WIDTH=11)
Compiling module xil_defaultlib.mvp_mux2(WIDTH=8)
Compiling module xil_defaultlib.mvp_mux4(WIDTH=8)
Compiling module xil_defaultlib.m14k_edp_add_simple
Compiling module xil_defaultlib.mvp_mux2(WIDTH=3)
Compiling module xil_defaultlib.mvp_mux1hot_10(WIDTH=32)
Compiling module xil_defaultlib.m14k_edp_clz
Compiling module xil_defaultlib.m14k_edp_buf_misc
Compiling module xil_defaultlib.mvp_mux2(WIDTH=4)
Compiling module xil_defaultlib.mvp_mux2
Compiling module xil_defaultlib.m14k_alu_shft_32bit
Compiling module xil_defaultlib.m14k_alu_dsp_stub
Compiling module xil_defaultlib.m14k_edp
Compiling module xil_defaultlib.mvp_register(WIDTH=21)
Compiling module xil_defaultlib.mvp_register_ngc(WIDTH=21)
Compiling module xil_defaultlib.mvp_ucregister_wide(WIDTH=21)
Compiling module xil_defaultlib.m14k_mdl_ctl
Compiling module xil_defaultlib.m14k_mdl_add_simple
Compiling module xil_defaultlib.mvp_register_ngc(WIDTH=32)
Compiling module xil_defaultlib.mvp_ucregister_wide(WIDTH=32)
Compiling module xil_defaultlib.m14k_mdl_dp
Compiling module xil_defaultlib.m14k_mdl
Compiling module xil_defaultlib.m14k_mpc_dec
Compiling module xil_defaultlib.mvp_cregister(WIDTH=51)
Compiling module xil_defaultlib.mvp_cregister_ngc(WIDTH=51)
Compiling module xil_defaultlib.mvp_cregister_wide(WIDTH=51)
Compiling module xil_defaultlib.mvp_cregister(WIDTH=47)
Compiling module xil_defaultlib.mvp_cregister_ngc(WIDTH=47)
Compiling module xil_defaultlib.mvp_cregister_wide(WIDTH=47)
Compiling module xil_defaultlib.mvp_register(WIDTH=4)
Compiling module xil_defaultlib.mvp_register(WIDTH=3)
Compiling module xil_defaultlib.mvp_cregister(WIDTH=26)
Compiling module xil_defaultlib.mvp_cregister_ngc(WIDTH=26)
Compiling module xil_defaultlib.mvp_cregister_wide(WIDTH=26)
Compiling module xil_defaultlib.mvp_cregister(WIDTH=20)
Compiling module xil_defaultlib.mvp_cregister_ngc(WIDTH=20)
Compiling module xil_defaultlib.mvp_cregister_wide(WIDTH=20)
Compiling module xil_defaultlib.m14k_mpc_ctl
Compiling module xil_defaultlib.mvp_register(WIDTH=6)
Compiling module xil_defaultlib.mvp_register(WIDTH=2)
Compiling module xil_defaultlib.m14k_mpc_exc
Compiling module xil_defaultlib.m14k_mpc
Compiling module xil_defaultlib.m14k_rf_rngc
Compiling module xil_defaultlib.m14k_rf_stub
Compiling module xil_defaultlib.mvp_mux16(WIDTH=32)
Compiling module xil_defaultlib.m14k_rf_reg
Compiling module xil_defaultlib.mvp_cregister(WIDTH=45)
Compiling module xil_defaultlib.mvp_cregister_ngc(WIDTH=45)
Compiling module xil_defaultlib.mvp_cregister_wide_tlb(WIDTH=45)
Compiling module xil_defaultlib.mvp_cregister(WIDTH=27)
Compiling module xil_defaultlib.mvp_cregister_ngc(WIDTH=27)
Compiling module xil_defaultlib.mvp_cregister_wide_tlb(WIDTH=27)
Compiling module xil_defaultlib.m14k_tlb_jtlb1entry
Compiling module xil_defaultlib.m14k_tlb_jtlb4entries
Compiling module xil_defaultlib.m14k_tlb_jtlb16entries
Compiling module xil_defaultlib.m14k_tlb_jtlb16
Compiling module xil_defaultlib.mvp_register(WIDTH=10)
Compiling module xil_defaultlib.mvp_cregister(WIDTH=30)
Compiling module xil_defaultlib.mvp_cregister_ngc(WIDTH=30)
Compiling module xil_defaultlib.mvp_cregister_wide(WIDTH=30)
Compiling module xil_defaultlib.mvp_mux1hot_8(WIDTH=32)
Compiling module xil_defaultlib.m14k_tlb_cpy
Compiling module xil_defaultlib.mvp_cregister(WIDTH=67)
Compiling module xil_defaultlib.mvp_cregister_ngc(WIDTH=67)
Compiling module xil_defaultlib.mvp_cregister_wide_utlb(WIDTH=67...
Compiling module xil_defaultlib.m14k_tlb_utlbentry(AW=3)
Compiling module xil_defaultlib.m14k_tlb_utlb(AW=3)
Compiling module xil_defaultlib.m14k_tlb_itlb
Compiling module xil_defaultlib.m14k_tlb_utlbentry
Compiling module xil_defaultlib.m14k_tlb_utlb
Compiling module xil_defaultlib.m14k_tlb_dtlb
Compiling module xil_defaultlib.m14k_tlb_ctl
Compiling module xil_defaultlib.mvp_mux2(WIDTH=22)
Compiling module xil_defaultlib.mvp_register(WIDTH=24)
Compiling module xil_defaultlib.mvp_register_ngc(WIDTH=24)
Compiling module xil_defaultlib.mvp_ucregister_wide(WIDTH=24)
Compiling module xil_defaultlib.mvp_register(WIDTH=22)
Compiling module xil_defaultlib.mvp_register_ngc(WIDTH=22)
Compiling module xil_defaultlib.mvp_ucregister_wide(WIDTH=22)
Compiling module xil_defaultlib.mvp_register_ngc(WIDTH=3)
Compiling module xil_defaultlib.mvp_ucregister_wide(WIDTH=3)
Compiling module xil_defaultlib.m14k_mmuc
Compiling module xil_defaultlib.m14k_tlb_collector
Compiling module xil_defaultlib.m14k_tlb
Compiling module xil_defaultlib.mvp_cregister(WIDTH=19)
Compiling module xil_defaultlib.mvp_cregister_ngc(WIDTH=19)
Compiling module xil_defaultlib.mvp_cregister_wide(WIDTH=19)
Compiling module xil_defaultlib.m14k_icc_spstub_default
Compiling module xil_defaultlib.mvp_register(WIDTH=48)
Compiling module xil_defaultlib.mvp_register_ngc(WIDTH=48)
Compiling module xil_defaultlib.mvp_ucregister_wide(WIDTH=48)
Compiling module xil_defaultlib.mvp_cregister(WIDTH=22)
Compiling module xil_defaultlib.mvp_cregister_ngc(WIDTH=22)
Compiling module xil_defaultlib.mvp_cregister_wide(WIDTH=22)
Compiling module xil_defaultlib.mvp_cregister(WIDTH=16)
Compiling module xil_defaultlib.mvp_cregister_ngc(WIDTH=16)
Compiling module xil_defaultlib.mvp_cregister_wide(WIDTH=16)
Compiling module xil_defaultlib.mvp_register(WIDTH=13)
Compiling module xil_defaultlib.mvp_register(WIDTH=18)
Compiling module xil_defaultlib.mvp_register_ngc(WIDTH=18)
Compiling module xil_defaultlib.mvp_ucregister_wide(WIDTH=18)
Compiling module xil_defaultlib.mvp_register_ngc(WIDTH=6)
Compiling module xil_defaultlib.mvp_ucregister_wide(WIDTH=6)
Compiling module xil_defaultlib.m14k_cache_cmp(WIDTH=22,ASSOC=2)
Compiling module xil_defaultlib.m14k_icc_umips_stub(WIDTH=3,MEMI...
Compiling module xil_defaultlib.m14k_icc_umips_stub(WIDTH=1,MEMI...
Compiling module xil_defaultlib.m14k_cache_mux(WIDTH=24,ASSOC=2)
Compiling module xil_defaultlib.m14k_cache_mux(WIDTH=48,ASSOC=2)
Compiling module xil_defaultlib.m14k_cache_mux(WIDTH=2,ASSOC=2)
Compiling module xil_defaultlib.m14k_icc_mb_stub_default
Compiling module xil_defaultlib.m14k_icc_spmb_stub_default
Compiling module xil_defaultlib.m14k_icc_parity_stub_default
Compiling module xil_defaultlib.m14k_icc_default
Compiling module xil_defaultlib.mvp_mux2(WIDTH=10)
Compiling module xil_defaultlib.mvp_mux2(WIDTH=18)
Compiling module xil_defaultlib.mvp_mux2(WIDTH=12)
Compiling module xil_defaultlib.mvp_mux2(WIDTH=24)
Compiling module xil_defaultlib.m14k_dcc_spstub_default
Compiling module xil_defaultlib.mvp_register(WIDTH=16)
Compiling module xil_defaultlib.mvp_cregister(WIDTH=13)
Compiling module xil_defaultlib.mvp_cregister_ngc(WIDTH=13)
Compiling module xil_defaultlib.mvp_cregister_wide(WIDTH=13)
Compiling module xil_defaultlib.m14k_dcc_fb
Compiling module xil_defaultlib.mvp_register_ngc(WIDTH=4)
Compiling module xil_defaultlib.mvp_ucregister_wide(WIDTH=4)
Compiling module xil_defaultlib.m14k_cache_mux(WIDTH=32,ASSOC=2)
Compiling module xil_defaultlib.m14k_dcc_mb_stub_default
Compiling module xil_defaultlib.m14k_dcc_spmb_stub_default
Compiling module xil_defaultlib.m14k_dcc_parity_stub_default
Compiling module xil_defaultlib.m14k_dcc_default
Compiling module xil_defaultlib.mvp_latchn
Compiling module xil_defaultlib.m14k_clockandlatch
Compiling module xil_defaultlib.mvp_cregister(WIDTH=128)
Compiling module xil_defaultlib.mvp_cregister_ngc(WIDTH=128)
Compiling module xil_defaultlib.mvp_cregister_wide(WIDTH=128)
Compiling module xil_defaultlib.mvp_mux2(WIDTH=128)
Compiling module xil_defaultlib.mvp_cregister(WIDTH=36)
Compiling module xil_defaultlib.mvp_cregister_ngc(WIDTH=36)
Compiling module xil_defaultlib.mvp_cregister_wide(WIDTH=36)
Compiling module xil_defaultlib.m14k_biu
Compiling module xil_defaultlib.mvp_register(WIDTH=17)
Compiling module xil_defaultlib.m14k_siu_int_sync
Compiling module xil_defaultlib.mvp_register(WIDTH=27)
Compiling module xil_defaultlib.mvp_register_ngc(WIDTH=27)
Compiling module xil_defaultlib.mvp_ucregister_wide(WIDTH=27)
Compiling module xil_defaultlib.m14k_siu
Compiling module xil_defaultlib.m14k_clockxnorgate
Compiling module xil_defaultlib.mvp_register_s(WIDTH=4)
Compiling module xil_defaultlib.mvp_cregister(WIDTH=34)
Compiling module xil_defaultlib.mvp_cregister_ngc(WIDTH=34)
Compiling module xil_defaultlib.mvp_cregister_wide(WIDTH=34)
Compiling module xil_defaultlib.mvp_mux2(WIDTH=34)
Compiling module xil_defaultlib.mvp_cregister_c(WIDTH=4)
Compiling module xil_defaultlib.mvp_cregister_s
Compiling module xil_defaultlib.mvp_cregister_c
Compiling module xil_defaultlib.m14k_ejt_mux2
Compiling module xil_defaultlib.mvp_register_c
Compiling module xil_defaultlib.m14k_ejt_and2
Compiling module xil_defaultlib.mvp_cregister(WIDTH=56)
Compiling module xil_defaultlib.mvp_cregister_ngc(WIDTH=56)
Compiling module xil_defaultlib.mvp_cregister_wide(WIDTH=56)
Compiling module xil_defaultlib.m14k_ejt_async_rec(WIDTH=56,TRIP...
Compiling module xil_defaultlib.mvp_mux1hot_13(WIDTH=98)
Compiling module xil_defaultlib.mvp_mux1hot_9(WIDTH=98)
Compiling module xil_defaultlib.mvp_cregister(WIDTH=98)
Compiling module xil_defaultlib.mvp_cregister_ngc(WIDTH=98)
Compiling module xil_defaultlib.mvp_cregister_wide(WIDTH=98)
Compiling module xil_defaultlib.mvp_cregister(WIDTH=44)
Compiling module xil_defaultlib.mvp_cregister_ngc(WIDTH=44)
Compiling module xil_defaultlib.mvp_cregister_wide(WIDTH=44)
Compiling module xil_defaultlib.m14k_ejt_async_rec(WIDTH=36,TRIP...
Compiling module xil_defaultlib.m14k_ejt_async_snd(WIDTH=36,TRIP...
Compiling module xil_defaultlib.m14k_gf_mux2
Compiling module xil_defaultlib.m14k_ejt_bus32mux2
Compiling module xil_defaultlib.mvp_register_s
Compiling module xil_defaultlib.m14k_ejt_tck
Compiling module xil_defaultlib.m14k_ejt_tap_pcsamstub
Compiling module xil_defaultlib.m14k_ejt_tap_dasamstub
Compiling module xil_defaultlib.m14k_ejt_tap_fdcstub
Compiling module xil_defaultlib.m14k_ejt_tap
Compiling module xil_defaultlib.mvp_mux1hot_6(WIDTH=32)
Compiling module xil_defaultlib.mvp_cregister(WIDTH=23)
Compiling module xil_defaultlib.mvp_cregister_ngc(WIDTH=23)
Compiling module xil_defaultlib.mvp_cregister_wide(WIDTH=23)
Compiling module xil_defaultlib.m14k_ejt_area
Compiling module xil_defaultlib.m14k_ejt_gate
Compiling module xil_defaultlib.m14k_ejt_ibrk
Compiling module xil_defaultlib.m14k_ejt_ibrk(CHANNEL=1)
Compiling module xil_defaultlib.mvp_mux1hot_5(WIDTH=32)
Compiling module xil_defaultlib.m14k_ejt_dbrk
Compiling module xil_defaultlib.m14k_ejt_brk21
Compiling module xil_defaultlib.m14k_ejt_pdttcb_stub
Compiling module xil_defaultlib.m14k_ejt
Compiling module xil_defaultlib.m14k_glue
Compiling module xil_defaultlib.m14k_core
Compiling module xil_defaultlib.m14k_cscramble_stub_default
Compiling module xil_defaultlib.m14k_cscramble_scanio_stub
Compiling module xil_defaultlib.m14k_cscramble_tpl
Compiling module xil_defaultlib.m14k_ic_bistctl
Compiling module xil_defaultlib.RAMB4K_S16
Compiling module xil_defaultlib.tagram_2k2way_xilinx
Compiling module xil_defaultlib.RAMB4K_S8
Compiling module xil_defaultlib.dataram_2k2way_xilinx
Compiling module xil_defaultlib.RAMB4K_S2
Compiling module xil_defaultlib.i_wsram_2k2way_xilinx
Compiling module xil_defaultlib.m14k_ic_default
Compiling module xil_defaultlib.m14k_dc_bistctl
Compiling module xil_defaultlib.d_wsram_2k2way_xilinx
Compiling module xil_defaultlib.m14k_dc_default
Compiling module xil_defaultlib.m14k_bistctl
Compiling module xil_defaultlib.m14k_fpuclk1_nogate
Compiling module xil_defaultlib.m14k_cop1_stub
Compiling module xil_defaultlib.m14k_cpu
Compiling module xil_defaultlib.m14k_udi_stub
Compiling module xil_defaultlib.m14k_cop2_stub
Compiling module xil_defaultlib.m14k_dspram_ext_stub
Compiling module xil_defaultlib.m14k_ispram_ext_stub
Compiling module xil_defaultlib.m14k_spram_top
Compiling module xil_defaultlib.m14k_top
Compiling module xil_defaultlib.flop(WIDTH=32)
Compiling module xil_defaultlib.flop(WIDTH=1)
Compiling module xil_defaultlib.ram_reset_dual_port(DATA_WIDTH=3...
Compiling module xil_defaultlib.mipsfpga_ahb_ram_reset
Compiling module xil_defaultlib.ram_dual_port(DATA_WIDTH=32,ADDR...
Compiling module xil_defaultlib.mipsfpga_ahb_ram
Compiling module xil_defaultlib.mipsfpga_ahb_gpio
Compiling module xil_defaultlib.ahb_decoder
Compiling module xil_defaultlib.ahb_mux
Compiling module xil_defaultlib.mipsfpga_ahb
Compiling module xil_defaultlib.ejtag_reset
Compiling module xil_defaultlib.mipsfpga_sys
Compiling module xil_defaultlib.testbench
Compiling module xil_defaultlib.glbl
Built simulation snapshot testbench_behav
